[0.024s] Invoking command in '/home/mirella/openvslam/ros/2/build/openvslam': CMAKE_PREFIX_PATH=/home/mirella/openvslam/ros/2/install/image_transport:/home/mirella/openvslam/ros/2/install/cv_bridge:/home/mirella/openvslam/ros/2/install/vision_opencv:/home/mirella/openvslam/ros/2/install/publisher:/home/mirella/openvslam/ros/2/install/openvslam:/home/mirella/openvslam/ros/2/install/image_common:/home/mirella/openvslam/ros/2/install/camera_info_manager:/home/mirella/openvslam/ros/2/install/image_geometry:/home/mirella/openvslam/ros/2/install/camera_calibration_parsers:/home/mirella/openvslam/ros/2/install/opencv_tests:/opt/ros/eloquent LD_LIBRARY_PATH=/home/mirella/openvslam/ros/2/install/image_transport/lib:/home/mirella/openvslam/ros/2/install/cv_bridge/lib:/home/mirella/openvslam/ros/2/install/camera_info_manager/lib:/home/mirella/openvslam/ros/2/install/image_geometry/lib:/home/mirella/openvslam/ros/2/install/camera_calibration_parsers/lib:/usr/lib/x86_64-linux-gnu/gazebo-9/plugins:/opt/ros/eloquent/opt/yaml_cpp_vendor/lib:/opt/ros/eloquent/opt/rviz_ogre_vendor/lib:/opt/ros/eloquent/lib/x86_64-linux-gnu:/opt/ros/eloquent/lib PYTHONPATH=/home/mirella/openvslam/ros/2/install/cv_bridge/lib/python3.6/site-packages:/home/mirella/openvslam/ros/2/install/opencv_tests/lib/python3.6/site-packages:/home/mirella/openvslam/ros/2/install/image_geometry/lib/python3.6/site-packages:/opt/ros/eloquent/lib/python3.6/site-packages /usr/bin/cmake --build /home/mirella/openvslam/ros/2/build/openvslam -- -j12 -l12
[0.085s] [35m[1mScanning dependencies of target run_slam[0m
[0.121s] [ 50%] Built target run_localization
[0.173s] [ 75%] [32mBuilding CXX object src/CMakeFiles/run_slam.dir/run_slam.cc.o[0m
[5.750s] [01m[K/home/mirella/openvslam/ros/2/src/openvslam/src/run_slam.cc:[m[K In function â€˜[01m[Kvoid mono_tracking(const std::shared_ptr<openvslam::config>&, const string&, const string&, bool, const string&)[m[Kâ€™:
[5.750s] [01m[K/home/mirella/openvslam/ros/2/src/openvslam/src/run_slam.cc:339:5:[m[K [01;31m[Kerror: [m[Kâ€˜[01m[Kthread[m[Kâ€™ was not declared in this scope
[5.750s]      [01;31m[Kthread[m[K.join();
[5.750s]      [01;31m[K^~~~~~[m[K
[5.751s] [01m[K/home/mirella/openvslam/ros/2/src/openvslam/src/run_slam.cc:339:5:[m[K [01;36m[Knote: [m[Ksuggested alternatives:
[5.751s] In file included from [01m[K/home/mirella/openvslam/src/openvslam/system.h:8:0[m[K,
[5.751s]                  from [01m[K/home/mirella/openvslam/ros/2/src/openvslam/src/run_slam.cc:9[m[K:
[5.751s] [01m[K/usr/include/c++/7/thread:62:9:[m[K [01;36m[Knote: [m[K  â€˜[01m[Kstd::thread[m[Kâ€™
[5.751s]    class [01;36m[Kthread[m[K
[5.751s]          [01;36m[K^~~~~~[m[K
[5.751s] In file included from [01m[K/usr/include/boost/thread/thread_only.hpp:22:0[m[K,
[5.751s]                  from [01m[K/usr/include/boost/thread/thread.hpp:12[m[K,
[5.751s]                  from [01m[K/usr/include/boost/thread.hpp:13[m[K,
[5.751s]                  from [01m[K/usr/include/pcl-1.8/pcl/io/boost.h:51[m[K,
[5.752s]                  from [01m[K/usr/include/pcl-1.8/pcl/io/file_io.h:43[m[K,
[5.752s]                  from [01m[K/usr/include/pcl-1.8/pcl/io/pcd_io.h:44[m[K,
[5.752s]                  from [01m[K/opt/ros/eloquent/include/pcl_conversions/pcl_conversions.h:72[m[K,
[5.752s]                  from [01m[K/home/mirella/openvslam/ros/2/src/openvslam/src/run_slam.cc:44[m[K:
[5.752s] [01m[K/usr/include/boost/thread/detail/thread.hpp:167:29:[m[K [01;36m[Knote: [m[K  â€˜[01m[Kboost::thread[m[Kâ€™
[5.752s]      class BOOST_THREAD_DECL [01;36m[Kthread[m[K
[5.752s]                              [01;36m[K^~~~~~[m[K
[6.123s] /home/mirella/openvslam/ros/2/src/openvslam/src/run_slam.cc: In instantiation of â€˜[01m[Kvoid publi(auto:3, auto:4&, auto:5) [with auto:3 = Eigen::Matrix<double, 4, 4>; auto:4 = std::shared_ptr<rclcpp::Publisher<nav_msgs::msg::Odometry_<std::allocator<void> >, std::allocator<void> > >; auto:5 = std::shared_ptr<rclcpp::Node>][m[Kâ€™:
[6.123s] [01m[K/home/mirella/openvslam/ros/2/src/openvslam/src/run_slam.cc:181:40:[m[K   required from here
[6.123s] [01m[K/home/mirella/openvslam/ros/2/src/openvslam/src/run_slam.cc:90:34:[m[K [01;35m[Kwarning: [m[Kunused parameter â€˜[01m[Kodometry_pub_[m[Kâ€™ [[01;35m[K-Wunused-parameter[m[K]
[6.123s]  void publi(auto cam_pose_, auto &[01;35m[Kodometry_pub_[m[K, auto node){
[6.123s]                                   [01;35m[K^~~~~~~~~~~~~[m[K
[10.609s] make[2]: *** [src/CMakeFiles/run_slam.dir/run_slam.cc.o] Error 1
[10.610s] make[1]: *** [src/CMakeFiles/run_slam.dir/all] Error 2
[10.610s] src/CMakeFiles/run_slam.dir/build.make:62: recipe for target 'src/CMakeFiles/run_slam.dir/run_slam.cc.o' failed
[10.610s] CMakeFiles/Makefile2:151: recipe for target 'src/CMakeFiles/run_slam.dir/all' failed
[10.610s] Makefile:140: recipe for target 'all' failed
[10.610s] make: *** [all] Error 2
[10.612s] Invoked command in '/home/mirella/openvslam/ros/2/build/openvslam' returned '2': CMAKE_PREFIX_PATH=/home/mirella/openvslam/ros/2/install/image_transport:/home/mirella/openvslam/ros/2/install/cv_bridge:/home/mirella/openvslam/ros/2/install/vision_opencv:/home/mirella/openvslam/ros/2/install/publisher:/home/mirella/openvslam/ros/2/install/openvslam:/home/mirella/openvslam/ros/2/install/image_common:/home/mirella/openvslam/ros/2/install/camera_info_manager:/home/mirella/openvslam/ros/2/install/image_geometry:/home/mirella/openvslam/ros/2/install/camera_calibration_parsers:/home/mirella/openvslam/ros/2/install/opencv_tests:/opt/ros/eloquent LD_LIBRARY_PATH=/home/mirella/openvslam/ros/2/install/image_transport/lib:/home/mirella/openvslam/ros/2/install/cv_bridge/lib:/home/mirella/openvslam/ros/2/install/camera_info_manager/lib:/home/mirella/openvslam/ros/2/install/image_geometry/lib:/home/mirella/openvslam/ros/2/install/camera_calibration_parsers/lib:/usr/lib/x86_64-linux-gnu/gazebo-9/plugins:/opt/ros/eloquent/opt/yaml_cpp_vendor/lib:/opt/ros/eloquent/opt/rviz_ogre_vendor/lib:/opt/ros/eloquent/lib/x86_64-linux-gnu:/opt/ros/eloquent/lib PYTHONPATH=/home/mirella/openvslam/ros/2/install/cv_bridge/lib/python3.6/site-packages:/home/mirella/openvslam/ros/2/install/opencv_tests/lib/python3.6/site-packages:/home/mirella/openvslam/ros/2/install/image_geometry/lib/python3.6/site-packages:/opt/ros/eloquent/lib/python3.6/site-packages /usr/bin/cmake --build /home/mirella/openvslam/ros/2/build/openvslam -- -j12 -l12
