[0.026s] Invoking command in '/home/mirella/openvslam/ros/2/build/openvslam': CMAKE_PREFIX_PATH=/home/mirella/openvslam/ros/2/install/image_transport:/home/mirella/openvslam/ros/2/install/cv_bridge:/home/mirella/openvslam/ros/2/install/vision_opencv:/home/mirella/openvslam/ros/2/install/publisher:/home/mirella/openvslam/ros/2/install/openvslam:/home/mirella/openvslam/ros/2/install/image_common:/home/mirella/openvslam/ros/2/install/camera_info_manager:/home/mirella/openvslam/ros/2/install/image_geometry:/home/mirella/openvslam/ros/2/install/camera_calibration_parsers:/home/mirella/openvslam/ros/2/install/opencv_tests:/opt/ros/eloquent LD_LIBRARY_PATH=/home/mirella/openvslam/ros/2/install/image_transport/lib:/home/mirella/openvslam/ros/2/install/cv_bridge/lib:/home/mirella/openvslam/ros/2/install/camera_info_manager/lib:/home/mirella/openvslam/ros/2/install/image_geometry/lib:/home/mirella/openvslam/ros/2/install/camera_calibration_parsers/lib:/usr/lib/x86_64-linux-gnu/gazebo-9/plugins:/opt/ros/eloquent/opt/yaml_cpp_vendor/lib:/opt/ros/eloquent/opt/rviz_ogre_vendor/lib:/opt/ros/eloquent/lib/x86_64-linux-gnu:/opt/ros/eloquent/lib PYTHONPATH=/home/mirella/openvslam/ros/2/install/cv_bridge/lib/python3.6/site-packages:/home/mirella/openvslam/ros/2/install/opencv_tests/lib/python3.6/site-packages:/home/mirella/openvslam/ros/2/install/image_geometry/lib/python3.6/site-packages:/opt/ros/eloquent/lib/python3.6/site-packages /usr/bin/cmake --build /home/mirella/openvslam/ros/2/build/openvslam -- -j12 -l12
[0.083s] [35m[1mScanning dependencies of target run_slam[0m
[0.111s] [ 50%] Built target run_localization
[0.179s] [ 75%] [32mBuilding CXX object src/CMakeFiles/run_slam.dir/run_slam.cc.o[0m
[5.925s] [01m[K/home/mirella/openvslam/ros/2/src/openvslam/src/run_slam.cc:[m[K In function â€˜[01m[Kvoid mono_tracking(const std::shared_ptr<openvslam::config>&, const string&, const string&, bool, const string&)[m[Kâ€™:
[5.926s] [01m[K/home/mirella/openvslam/ros/2/src/openvslam/src/run_slam.cc:326:24:[m[K [01;31m[Kerror: [m[Kâ€˜[01m[Kclass std::shared_ptr<rclcpp::Node>[m[Kâ€™ has no member named â€˜[01m[Kcreate_wall_timer[m[Kâ€™
[5.926s]      auto timer1 = node.[01;31m[Kcreate_wall_timer[m[K(0.2, [=]() {
[5.926s]                         [01;31m[K^~~~~~~~~~~~~~~~~[m[K
[5.926s] [01m[K/home/mirella/openvslam/ros/2/src/openvslam/src/run_slam.cc:238:65:[m[K [01;35m[Kwarning: [m[Kunused parameter â€˜[01m[Keval_log[m[Kâ€™ [[01;35m[K-Wunused-parameter[m[K]
[5.926s]                     const std::string& mask_img_path, const bool [01;35m[Keval_log[m[K, const std::string& map_db_path) {
[5.926s]                                                                  [01;35m[K^~~~~~~~[m[K
[5.926s] [01m[K/home/mirella/openvslam/ros/2/src/openvslam/src/run_slam.cc:238:94:[m[K [01;35m[Kwarning: [m[Kunused parameter â€˜[01m[Kmap_db_path[m[Kâ€™ [[01;35m[K-Wunused-parameter[m[K]
[5.926s]  std::string& mask_img_path, const bool eval_log, const std::string& [01;35m[Kmap_db_path[m[K) {
[5.926s]                                                                      [01;35m[K^~~~~~~~~~~[m[K
[6.305s] /home/mirella/openvslam/ros/2/src/openvslam/src/run_slam.cc: In instantiation of â€˜[01m[Kvoid publi(auto:3, auto:4&, auto:5) [with auto:3 = Eigen::Matrix<double, 4, 4>; auto:4 = std::shared_ptr<rclcpp::Publisher<nav_msgs::msg::Odometry_<std::allocator<void> >, std::allocator<void> > >; auto:5 = std::shared_ptr<rclcpp::Node>][m[Kâ€™:
[6.305s] [01m[K/home/mirella/openvslam/ros/2/src/openvslam/src/run_slam.cc:187:40:[m[K   required from here
[6.305s] [01m[K/home/mirella/openvslam/ros/2/src/openvslam/src/run_slam.cc:96:34:[m[K [01;35m[Kwarning: [m[Kunused parameter â€˜[01m[Kodometry_pub_[m[Kâ€™ [[01;35m[K-Wunused-parameter[m[K]
[6.305s]  void publi(auto cam_pose_, auto &[01;35m[Kodometry_pub_[m[K, auto node){
[6.305s]                                   [01;35m[K^~~~~~~~~~~~~[m[K
[10.927s] make[2]: *** [src/CMakeFiles/run_slam.dir/run_slam.cc.o] Error 1
[10.927s] make[1]: *** [src/CMakeFiles/run_slam.dir/all] Error 2
[10.927s] src/CMakeFiles/run_slam.dir/build.make:62: recipe for target 'src/CMakeFiles/run_slam.dir/run_slam.cc.o' failed
[10.927s] CMakeFiles/Makefile2:151: recipe for target 'src/CMakeFiles/run_slam.dir/all' failed
[10.927s] Makefile:140: recipe for target 'all' failed
[10.928s] make: *** [all] Error 2
[10.929s] Invoked command in '/home/mirella/openvslam/ros/2/build/openvslam' returned '2': CMAKE_PREFIX_PATH=/home/mirella/openvslam/ros/2/install/image_transport:/home/mirella/openvslam/ros/2/install/cv_bridge:/home/mirella/openvslam/ros/2/install/vision_opencv:/home/mirella/openvslam/ros/2/install/publisher:/home/mirella/openvslam/ros/2/install/openvslam:/home/mirella/openvslam/ros/2/install/image_common:/home/mirella/openvslam/ros/2/install/camera_info_manager:/home/mirella/openvslam/ros/2/install/image_geometry:/home/mirella/openvslam/ros/2/install/camera_calibration_parsers:/home/mirella/openvslam/ros/2/install/opencv_tests:/opt/ros/eloquent LD_LIBRARY_PATH=/home/mirella/openvslam/ros/2/install/image_transport/lib:/home/mirella/openvslam/ros/2/install/cv_bridge/lib:/home/mirella/openvslam/ros/2/install/camera_info_manager/lib:/home/mirella/openvslam/ros/2/install/image_geometry/lib:/home/mirella/openvslam/ros/2/install/camera_calibration_parsers/lib:/usr/lib/x86_64-linux-gnu/gazebo-9/plugins:/opt/ros/eloquent/opt/yaml_cpp_vendor/lib:/opt/ros/eloquent/opt/rviz_ogre_vendor/lib:/opt/ros/eloquent/lib/x86_64-linux-gnu:/opt/ros/eloquent/lib PYTHONPATH=/home/mirella/openvslam/ros/2/install/cv_bridge/lib/python3.6/site-packages:/home/mirella/openvslam/ros/2/install/opencv_tests/lib/python3.6/site-packages:/home/mirella/openvslam/ros/2/install/image_geometry/lib/python3.6/site-packages:/opt/ros/eloquent/lib/python3.6/site-packages /usr/bin/cmake --build /home/mirella/openvslam/ros/2/build/openvslam -- -j12 -l12
