[0.027s] Invoking command in '/home/mirella/openvslam/ros/2/build/openvslam': CMAKE_PREFIX_PATH=/home/mirella/openvslam/ros/2/install/image_transport:/home/mirella/openvslam/ros/2/install/cv_bridge:/home/mirella/openvslam/ros/2/install/vision_opencv:/home/mirella/openvslam/ros/2/install/publisher:/home/mirella/openvslam/ros/2/install/openvslam:/home/mirella/openvslam/ros/2/install/image_common:/home/mirella/openvslam/ros/2/install/camera_info_manager:/home/mirella/openvslam/ros/2/install/image_geometry:/home/mirella/openvslam/ros/2/install/camera_calibration_parsers:/home/mirella/openvslam/ros/2/install/opencv_tests:/opt/ros/eloquent LD_LIBRARY_PATH=/home/mirella/openvslam/ros/2/install/image_transport/lib:/home/mirella/openvslam/ros/2/install/cv_bridge/lib:/home/mirella/openvslam/ros/2/install/camera_info_manager/lib:/home/mirella/openvslam/ros/2/install/image_geometry/lib:/home/mirella/openvslam/ros/2/install/camera_calibration_parsers/lib:/usr/lib/x86_64-linux-gnu/gazebo-9/plugins:/opt/ros/eloquent/opt/yaml_cpp_vendor/lib:/opt/ros/eloquent/opt/rviz_ogre_vendor/lib:/opt/ros/eloquent/lib/x86_64-linux-gnu:/opt/ros/eloquent/lib PYTHONPATH=/home/mirella/openvslam/ros/2/install/cv_bridge/lib/python3.6/site-packages:/home/mirella/openvslam/ros/2/install/opencv_tests/lib/python3.6/site-packages:/home/mirella/openvslam/ros/2/install/image_geometry/lib/python3.6/site-packages:/opt/ros/eloquent/lib/python3.6/site-packages /usr/bin/cmake --build /home/mirella/openvslam/ros/2/build/openvslam -- -j12 -l12
[0.077s] [35m[1mScanning dependencies of target run_slam[0m
[0.103s] [ 50%] Built target run_localization
[0.158s] [ 75%] [32mBuilding CXX object src/CMakeFiles/run_slam.dir/run_slam.cc.o[0m
[6.089s] [01m[K/home/mirella/openvslam/ros/2/src/openvslam/src/run_slam.cc:[m[K In function â€˜[01m[Kvoid mono_tracking(const std::shared_ptr<openvslam::config>&, const string&, const string&, bool, const string&)[m[Kâ€™:
[6.089s] [01m[K/home/mirella/openvslam/ros/2/src/openvslam/src/run_slam.cc:282:23:[m[K [01;35m[Kwarning: [m[Kvariable â€˜[01m[Kcustom_qos[m[Kâ€™ set but not used [[01;35m[K-Wunused-but-set-variable[m[K]
[6.089s]      rmw_qos_profile_t [01;35m[Kcustom_qos[m[K = rmw_qos_profile_default;
[6.089s]                        [01;35m[K^~~~~~~~~~[m[K
[6.467s] /home/mirella/openvslam/ros/2/src/openvslam/src/run_slam.cc: In instantiation of â€˜[01m[Kvoid publi(auto:3, auto:4&, auto:5) [with auto:3 = Eigen::Matrix<double, 4, 4>; auto:4 = std::shared_ptr<rclcpp::Publisher<nav_msgs::msg::Odometry_<std::allocator<void> >, std::allocator<void> > >; auto:5 = std::shared_ptr<rclcpp::Node>][m[Kâ€™:
[6.468s] [01m[K/home/mirella/openvslam/ros/2/src/openvslam/src/run_slam.cc:178:40:[m[K   required from here
[6.468s] [01m[K/home/mirella/openvslam/ros/2/src/openvslam/src/run_slam.cc:136:52:[m[K [01;31m[Kerror: [m[Kno matching function for call to â€˜[01m[Kstd::shared_ptr<tf2_ros::TransformBroadcaster>::shared_ptr(std::shared_ptr<rclcpp::Node>&)[m[Kâ€™
[6.468s]      std::shared_ptr<tf2_ros::TransformBroadcaster> [01;31m[Kodom_broadcaster[m[K(node);
[6.468s]                                                     [01;31m[K^~~~~~~~~~~~~~~~[m[K
[6.468s] In file included from [01m[K/usr/include/c++/7/memory:81:0[m[K,
[6.468s]                  from [01m[K/home/mirella/openvslam/src/pangolin_viewer/viewer.h:8[m[K,
[6.468s]                  from [01m[K/home/mirella/openvslam/ros/2/src/openvslam/src/run_slam.cc:3[m[K:
[6.468s] [01m[K/usr/include/c++/7/bits/shared_ptr.h:352:7:[m[K [01;36m[Knote: [m[Kcandidate: std::shared_ptr<_Tp>::shared_ptr(const std::weak_ptr<_Tp>&, std::nothrow_t) [with _Tp = tf2_ros::TransformBroadcaster]
[6.468s]        [01;36m[Kshared_ptr[m[K(const weak_ptr<_Tp>& __r, std::nothrow_t)
[6.468s]        [01;36m[K^~~~~~~~~~[m[K
[6.468s] [01m[K/usr/include/c++/7/bits/shared_ptr.h:352:7:[m[K [01;36m[Knote: [m[K  candidate expects 2 arguments, 1 provided
[6.468s] [01m[K/usr/include/c++/7/bits/shared_ptr.h:342:2:[m[K [01;36m[Knote: [m[Kcandidate: template<class _Alloc, class ... _Args> std::shared_ptr<_Tp>::shared_ptr(std::_Sp_make_shared_tag, const _Alloc&, _Args&& ...)
[6.468s]   [01;36m[Kshared_ptr[m[K(_Sp_make_shared_tag __tag, const _Alloc& __a,
[6.469s]   [01;36m[K^~~~~~~~~~[m[K
[6.469s] [01m[K/usr/include/c++/7/bits/shared_ptr.h:342:2:[m[K [01;36m[Knote: [m[K  template argument deduction/substitution failed:
[6.469s] [01m[K/home/mirella/openvslam/ros/2/src/openvslam/src/run_slam.cc:136:52:[m[K [01;36m[Knote: [m[K  candidate expects at least 2 arguments, 1 provided
[6.469s]      std::shared_ptr<tf2_ros::TransformBroadcaster> [01;36m[Kodom_broadcaster[m[K(node);
[6.469s]                                                     [01;36m[K^~~~~~~~~~~~~~~~[m[K
[6.469s] In file included from [01m[K/usr/include/c++/7/memory:81:0[m[K,
[6.469s]                  from [01m[K/home/mirella/openvslam/src/pangolin_viewer/viewer.h:8[m[K,
[6.469s]                  from [01m[K/home/mirella/openvslam/ros/2/src/openvslam/src/run_slam.cc:3[m[K:
[6.469s] [01m[K/usr/include/c++/7/bits/shared_ptr.h:294:17:[m[K [01;36m[Knote: [m[Kcandidate: constexpr std::shared_ptr<_Tp>::shared_ptr(std::nullptr_t) [with _Tp = tf2_ros::TransformBroadcaster; std::nullptr_t = std::nullptr_t]
[6.469s]        constexpr [01;36m[Kshared_ptr[m[K(nullptr_t) noexcept : shared_ptr() { }
[6.469s]                  [01;36m[K^~~~~~~~~~[m[K
[6.469s] [01m[K/usr/include/c++/7/bits/shared_ptr.h:294:17:[m[K [01;36m[Knote: [m[K  no known conversion for argument 1 from â€˜[01m[Kstd::shared_ptr<rclcpp::Node>[m[Kâ€™ to â€˜[01m[Kstd::nullptr_t[m[Kâ€™
[6.469s] [01m[K/usr/include/c++/7/bits/shared_ptr.h:277:2:[m[K [01;36m[Knote: [m[Kcandidate: template<class _Yp, class _Del, class> std::shared_ptr<_Tp>::shared_ptr(std::unique_ptr<_Up, _Ep>&&)
[6.469s]   [01;36m[Kshared_ptr[m[K(unique_ptr<_Yp, _Del>&& __r)
[6.469s]   [01;36m[K^~~~~~~~~~[m[K
[6.469s] [01m[K/usr/include/c++/7/bits/shared_ptr.h:277:2:[m[K [01;36m[Knote: [m[K  template argument deduction/substitution failed:
[6.469s] [01m[K/home/mirella/openvslam/ros/2/src/openvslam/src/run_slam.cc:136:52:[m[K [01;36m[Knote: [m[K  â€˜[01m[Kstd::shared_ptr<rclcpp::Node>[m[Kâ€™ is not derived from â€˜[01m[Kstd::unique_ptr<_Tp, _Dp>[m[Kâ€™
[6.469s]      std::shared_ptr<tf2_ros::TransformBroadcaster> [01;36m[Kodom_broadcaster[m[K(node);
[6.469s]                                                     [01;36m[K^~~~~~~~~~~~~~~~[m[K
[6.470s] In file included from [01m[K/usr/include/c++/7/memory:81:0[m[K,
[6.470s]                  from [01m[K/home/mirella/openvslam/src/pangolin_viewer/viewer.h:8[m[K,
[6.470s]                  from [01m[K/home/mirella/openvslam/ros/2/src/openvslam/src/run_slam.cc:3[m[K:
[6.470s] [01m[K/usr/include/c++/7/bits/shared_ptr.h:270:2:[m[K [01;36m[Knote: [m[Kcandidate: template<class _Yp, class> std::shared_ptr<_Tp>::shared_ptr(std::auto_ptr<_Up>&&)
[6.470s]   [01;36m[Kshared_ptr[m[K(auto_ptr<_Yp>&& __r);
[6.470s]   [01;36m[K^~~~~~~~~~[m[K
[6.470s] [01m[K/usr/include/c++/7/bits/shared_ptr.h:270:2:[m[K [01;36m[Knote: [m[K  template argument deduction/substitution failed:
[6.470s] [01m[K/home/mirella/openvslam/ros/2/src/openvslam/src/run_slam.cc:136:52:[m[K [01;36m[Knote: [m[K  â€˜[01m[Kstd::shared_ptr<rclcpp::Node>[m[Kâ€™ is not derived from â€˜[01m[Kstd::auto_ptr<_Up>[m[Kâ€™
[6.470s]      std::shared_ptr<tf2_ros::TransformBroadcaster> [01;36m[Kodom_broadcaster[m[K(node);
[6.470s]                                                     [01;36m[K^~~~~~~~~~~~~~~~[m[K
[6.470s] In file included from [01m[K/usr/include/c++/7/memory:81:0[m[K,
[6.470s]                  from [01m[K/home/mirella/openvslam/src/pangolin_viewer/viewer.h:8[m[K,
[6.470s]                  from [01m[K/home/mirella/openvslam/ros/2/src/openvslam/src/run_slam.cc:3[m[K:
[6.470s] [01m[K/usr/include/c++/7/bits/shared_ptr.h:265:11:[m[K [01;36m[Knote: [m[Kcandidate: template<class _Yp, class> std::shared_ptr<_Tp>::shared_ptr(const std::weak_ptr<_Yp>&)
[6.470s]   explicit [01;36m[Kshared_ptr[m[K(const weak_ptr<_Yp>& __r)
[6.470s]            [01;36m[K^~~~~~~~~~[m[K
[6.470s] [01m[K/usr/include/c++/7/bits/shared_ptr.h:265:11:[m[K [01;36m[Knote: [m[K  template argument deduction/substitution failed:
[6.470s] [01m[K/home/mirella/openvslam/ros/2/src/openvslam/src/run_slam.cc:136:52:[m[K [01;36m[Knote: [m[K  â€˜[01m[Kstd::shared_ptr<rclcpp::Node>[m[Kâ€™ is not derived from â€˜[01m[Kconst std::weak_ptr<_Tp>[m[Kâ€™
[6.471s]      std::shared_ptr<tf2_ros::TransformBroadcaster> [01;36m[Kodom_broadcaster[m[K(node);
[6.471s]                                                     [01;36m[K^~~~~~~~~~~~~~~~[m[K
[6.471s] In file included from [01m[K/usr/include/c++/7/memory:81:0[m[K,
[6.471s]                  from [01m[K/home/mirella/openvslam/src/pangolin_viewer/viewer.h:8[m[K,
[6.471s]                  from [01m[K/home/mirella/openvslam/ros/2/src/openvslam/src/run_slam.cc:3[m[K:
[6.471s] [01m[K/usr/include/c++/7/bits/shared_ptr.h:253:2:[m[K [01;36m[Knote: [m[Kcandidate: template<class _Yp, class> std::shared_ptr<_Tp>::shared_ptr(std::shared_ptr<_Yp>&&)
[6.471s]   [01;36m[Kshared_ptr[m[K(shared_ptr<_Yp>&& __r) noexcept
[6.471s]   [01;36m[K^~~~~~~~~~[m[K
[6.471s] [01m[K/usr/include/c++/7/bits/shared_ptr.h:253:2:[m[K [01;36m[Knote: [m[K  template argument deduction/substitution failed:
[6.471s] [01m[K/usr/include/c++/7/bits/shared_ptr.h:244:7:[m[K [01;36m[Knote: [m[Kcandidate: std::shared_ptr<_Tp>::shared_ptr(std::shared_ptr<_Tp>&&) [with _Tp = tf2_ros::TransformBroadcaster]
[6.471s]        [01;36m[Kshared_ptr[m[K(shared_ptr&& __r) noexcept
[6.471s]        [01;36m[K^~~~~~~~~~[m[K
[6.471s] [01m[K/usr/include/c++/7/bits/shared_ptr.h:244:7:[m[K [01;36m[Knote: [m[K  no known conversion for argument 1 from â€˜[01m[Kstd::shared_ptr<rclcpp::Node>[m[Kâ€™ to â€˜[01m[Kstd::shared_ptr<tf2_ros::TransformBroadcaster>&&[m[Kâ€™
[6.471s] [01m[K/usr/include/c++/7/bits/shared_ptr.h:236:2:[m[K [01;36m[Knote: [m[Kcandidate: template<class _Yp, class> std::shared_ptr<_Tp>::shared_ptr(const std::shared_ptr<_Yp>&)
[6.471s]   [01;36m[Kshared_ptr[m[K(const shared_ptr<_Yp>& __r) noexcept
[6.472s]   [01;36m[K^~~~~~~~~~[m[K
[6.472s] [01m[K/usr/include/c++/7/bits/shared_ptr.h:236:2:[m[K [01;36m[Knote: [m[K  template argument deduction/substitution failed:
[6.472s] [01m[K/usr/include/c++/7/bits/shared_ptr.h:224:2:[m[K [01;36m[Knote: [m[Kcandidate: template<class _Yp> std::shared_ptr<_Tp>::shared_ptr(const std::shared_ptr<_Yp>&, std::shared_ptr<_Tp>::element_type*)
[6.472s]   [01;36m[Kshared_ptr[m[K(const shared_ptr<_Yp>& __r, element_type* __p) noexcept
[6.472s]   [01;36m[K^~~~~~~~~~[m[K
[6.472s] [01m[K/usr/include/c++/7/bits/shared_ptr.h:224:2:[m[K [01;36m[Knote: [m[K  template argument deduction/substitution failed:
[6.472s] [01m[K/home/mirella/openvslam/ros/2/src/openvslam/src/run_slam.cc:136:52:[m[K [01;36m[Knote: [m[K  candidate expects 2 arguments, 1 provided
[6.472s]      std::shared_ptr<tf2_ros::TransformBroadcaster> [01;36m[Kodom_broadcaster[m[K(node);
[6.472s]                                                     [01;36m[K^~~~~~~~~~~~~~~~[m[K
[6.472s] In file included from [01m[K/usr/include/c++/7/memory:81:0[m[K,
[6.472s]                  from [01m[K/home/mirella/openvslam/src/pangolin_viewer/viewer.h:8[m[K,
[6.472s]                  from [01m[K/home/mirella/openvslam/ros/2/src/openvslam/src/run_slam.cc:3[m[K:
[6.472s] [01m[K/usr/include/c++/7/bits/shared_ptr.h:202:2:[m[K [01;36m[Knote: [m[Kcandidate: template<class _Deleter, class _Alloc> std::shared_ptr<_Tp>::shared_ptr(std::nullptr_t, _Deleter, _Alloc)
[6.472s]   [01;36m[Kshared_ptr[m[K(nullptr_t __p, _Deleter __d, _Alloc __a)
[6.472s]   [01;36m[K^~~~~~~~~~[m[K
[6.472s] [01m[K/usr/include/c++/7/bits/shared_ptr.h:202:2:[m[K [01;36m[Knote: [m[K  template argument deduction/substitution failed:
[6.472s] [01m[K/home/mirella/openvslam/ros/2/src/openvslam/src/run_slam.cc:136:52:[m[K [01;36m[Knote: [m[K  candidate expects 3 arguments, 1 provided
[6.472s]      std::shared_ptr<tf2_ros::TransformBroadcaster> [01;36m[Kodom_broadcaster[m[K(node);
[6.473s]                                                     [01;36m[K^~~~~~~~~~~~~~~~[m[K
[6.473s] In file included from [01m[K/usr/include/c++/7/memory:81:0[m[K,
[6.473s]                  from [01m[K/home/mirella/openvslam/src/pangolin_viewer/viewer.h:8[m[K,
[6.473s]                  from [01m[K/home/mirella/openvslam/ros/2/src/openvslam/src/run_slam.cc:3[m[K:
[6.473s] [01m[K/usr/include/c++/7/bits/shared_ptr.h:183:2:[m[K [01;36m[Knote: [m[Kcandidate: template<class _Yp, class _Deleter, class _Alloc, class> std::shared_ptr<_Tp>::shared_ptr(_Yp*, _Deleter, _Alloc)
[6.473s]   [01;36m[Kshared_ptr[m[K(_Yp* __p, _Deleter __d, _Alloc __a)
[6.473s]   [01;36m[K^~~~~~~~~~[m[K
[6.473s] [01m[K/usr/include/c++/7/bits/shared_ptr.h:183:2:[m[K [01;36m[Knote: [m[K  template argument deduction/substitution failed:
[6.473s] [01m[K/home/mirella/openvslam/ros/2/src/openvslam/src/run_slam.cc:136:52:[m[K [01;36m[Knote: [m[K  mismatched types â€˜[01m[K_Yp*[m[Kâ€™ and â€˜[01m[Kstd::shared_ptr<rclcpp::Node>[m[Kâ€™
[6.473s]      std::shared_ptr<tf2_ros::TransformBroadcaster> [01;36m[Kodom_broadcaster[m[K(node);
[6.473s]                                                     [01;36m[K^~~~~~~~~~~~~~~~[m[K
[6.473s] In file included from [01m[K/usr/include/c++/7/memory:81:0[m[K,
[6.473s]                  from [01m[K/home/mirella/openvslam/src/pangolin_viewer/viewer.h:8[m[K,
[6.473s]                  from [01m[K/home/mirella/openvslam/ros/2/src/openvslam/src/run_slam.cc:3[m[K:
[6.473s] [01m[K/usr/include/c++/7/bits/shared_ptr.h:163:2:[m[K [01;36m[Knote: [m[Kcandidate: template<class _Deleter> std::shared_ptr<_Tp>::shared_ptr(std::nullptr_t, _Deleter)
[6.473s]   [01;36m[Kshared_ptr[m[K(nullptr_t __p, _Deleter __d)
[6.473s]   [01;36m[K^~~~~~~~~~[m[K
[6.473s] [01m[K/usr/include/c++/7/bits/shared_ptr.h:163:2:[m[K [01;36m[Knote: [m[K  template argument deduction/substitution failed:
[6.473s] [01m[K/home/mirella/openvslam/ros/2/src/openvslam/src/run_slam.cc:136:52:[m[K [01;36m[Knote: [m[K  candidate expects 2 arguments, 1 provided
[6.474s]      std::shared_ptr<tf2_ros::TransformBroadcaster> [01;36m[Kodom_broadcaster[m[K(node);
[6.474s]                                                     [01;36m[K^~~~~~~~~~~~~~~~[m[K
[6.474s] In file included from [01m[K/usr/include/c++/7/memory:81:0[m[K,
[6.474s]                  from [01m[K/home/mirella/openvslam/src/pangolin_viewer/viewer.h:8[m[K,
[6.474s]                  from [01m[K/home/mirella/openvslam/ros/2/src/openvslam/src/run_slam.cc:3[m[K:
[6.474s] [01m[K/usr/include/c++/7/bits/shared_ptr.h:146:2:[m[K [01;36m[Knote: [m[Kcandidate: template<class _Yp, class _Deleter, class> std::shared_ptr<_Tp>::shared_ptr(_Yp*, _Deleter)
[6.474s]   [01;36m[Kshared_ptr[m[K(_Yp* __p, _Deleter __d)
[6.474s]   [01;36m[K^~~~~~~~~~[m[K
[6.474s] [01m[K/usr/include/c++/7/bits/shared_ptr.h:146:2:[m[K [01;36m[Knote: [m[K  template argument deduction/substitution failed:
[6.474s] [01m[K/home/mirella/openvslam/ros/2/src/openvslam/src/run_slam.cc:136:52:[m[K [01;36m[Knote: [m[K  mismatched types â€˜[01m[K_Yp*[m[Kâ€™ and â€˜[01m[Kstd::shared_ptr<rclcpp::Node>[m[Kâ€™
[6.474s]      std::shared_ptr<tf2_ros::TransformBroadcaster> [01;36m[Kodom_broadcaster[m[K(node);
[6.474s]                                                     [01;36m[K^~~~~~~~~~~~~~~~[m[K
[6.474s] In file included from [01m[K/usr/include/c++/7/memory:81:0[m[K,
[6.474s]                  from [01m[K/home/mirella/openvslam/src/pangolin_viewer/viewer.h:8[m[K,
[6.474s]                  from [01m[K/home/mirella/openvslam/ros/2/src/openvslam/src/run_slam.cc:3[m[K:
[6.474s] [01m[K/usr/include/c++/7/bits/shared_ptr.h:129:2:[m[K [01;36m[Knote: [m[Kcandidate: template<class _Yp, class> std::shared_ptr<_Tp>::shared_ptr(_Yp*)
[6.474s]   [01;36m[Kshared_ptr[m[K(_Yp* __p) : __shared_ptr<_Tp>(__p) { }
[6.474s]   [01;36m[K^~~~~~~~~~[m[K
[6.474s] [01m[K/usr/include/c++/7/bits/shared_ptr.h:129:2:[m[K [01;36m[Knote: [m[K  template argument deduction/substitution failed:
[6.475s] [01m[K/home/mirella/openvslam/ros/2/src/openvslam/src/run_slam.cc:136:52:[m[K [01;36m[Knote: [m[K  mismatched types â€˜[01m[K_Yp*[m[Kâ€™ and â€˜[01m[Kstd::shared_ptr<rclcpp::Node>[m[Kâ€™
[6.475s]      std::shared_ptr<tf2_ros::TransformBroadcaster> [01;36m[Kodom_broadcaster[m[K(node);
[6.475s]                                                     [01;36m[K^~~~~~~~~~~~~~~~[m[K
[6.475s] In file included from [01m[K/usr/include/c++/7/memory:81:0[m[K,
[6.475s]                  from [01m[K/home/mirella/openvslam/src/pangolin_viewer/viewer.h:8[m[K,
[6.475s]                  from [01m[K/home/mirella/openvslam/ros/2/src/openvslam/src/run_slam.cc:3[m[K:
[6.475s] [01m[K/usr/include/c++/7/bits/shared_ptr.h:119:7:[m[K [01;36m[Knote: [m[Kcandidate: std::shared_ptr<_Tp>::shared_ptr(const std::shared_ptr<_Tp>&) [with _Tp = tf2_ros::TransformBroadcaster]
[6.475s]        [01;36m[Kshared_ptr[m[K(const shared_ptr&) noexcept = default;
[6.475s]        [01;36m[K^~~~~~~~~~[m[K
[6.475s] [01m[K/usr/include/c++/7/bits/shared_ptr.h:119:7:[m[K [01;36m[Knote: [m[K  no known conversion for argument 1 from â€˜[01m[Kstd::shared_ptr<rclcpp::Node>[m[Kâ€™ to â€˜[01m[Kconst std::shared_ptr<tf2_ros::TransformBroadcaster>&[m[Kâ€™
[6.475s] [01m[K/usr/include/c++/7/bits/shared_ptr.h:117:17:[m[K [01;36m[Knote: [m[Kcandidate: constexpr std::shared_ptr<_Tp>::shared_ptr() [with _Tp = tf2_ros::TransformBroadcaster]
[6.475s]        constexpr [01;36m[Kshared_ptr[m[K() noexcept : __shared_ptr<_Tp>() { }
[6.475s]                  [01;36m[K^~~~~~~~~~[m[K
[6.475s] [01m[K/usr/include/c++/7/bits/shared_ptr.h:117:17:[m[K [01;36m[Knote: [m[K  candidate expects 0 arguments, 1 provided
[6.475s] [01m[K/home/mirella/openvslam/ros/2/src/openvslam/src/run_slam.cc:89:34:[m[K [01;35m[Kwarning: [m[Kunused parameter â€˜[01m[Kodometry_pub_[m[Kâ€™ [[01;35m[K-Wunused-parameter[m[K]
[6.475s]  void publi(auto cam_pose_, auto &[01;35m[Kodometry_pub_[m[K, auto node){
[6.476s]                                   [01;35m[K^~~~~~~~~~~~~[m[K
[11.034s] make[2]: *** [src/CMakeFiles/run_slam.dir/run_slam.cc.o] Error 1
[11.035s] make[1]: *** [src/CMakeFiles/run_slam.dir/all] Error 2
[11.035s] make: *** [all] Error 2
[11.035s] src/CMakeFiles/run_slam.dir/build.make:62: recipe for target 'src/CMakeFiles/run_slam.dir/run_slam.cc.o' failed
[11.035s] CMakeFiles/Makefile2:151: recipe for target 'src/CMakeFiles/run_slam.dir/all' failed
[11.035s] Makefile:140: recipe for target 'all' failed
[11.037s] Invoked command in '/home/mirella/openvslam/ros/2/build/openvslam' returned '2': CMAKE_PREFIX_PATH=/home/mirella/openvslam/ros/2/install/image_transport:/home/mirella/openvslam/ros/2/install/cv_bridge:/home/mirella/openvslam/ros/2/install/vision_opencv:/home/mirella/openvslam/ros/2/install/publisher:/home/mirella/openvslam/ros/2/install/openvslam:/home/mirella/openvslam/ros/2/install/image_common:/home/mirella/openvslam/ros/2/install/camera_info_manager:/home/mirella/openvslam/ros/2/install/image_geometry:/home/mirella/openvslam/ros/2/install/camera_calibration_parsers:/home/mirella/openvslam/ros/2/install/opencv_tests:/opt/ros/eloquent LD_LIBRARY_PATH=/home/mirella/openvslam/ros/2/install/image_transport/lib:/home/mirella/openvslam/ros/2/install/cv_bridge/lib:/home/mirella/openvslam/ros/2/install/camera_info_manager/lib:/home/mirella/openvslam/ros/2/install/image_geometry/lib:/home/mirella/openvslam/ros/2/install/camera_calibration_parsers/lib:/usr/lib/x86_64-linux-gnu/gazebo-9/plugins:/opt/ros/eloquent/opt/yaml_cpp_vendor/lib:/opt/ros/eloquent/opt/rviz_ogre_vendor/lib:/opt/ros/eloquent/lib/x86_64-linux-gnu:/opt/ros/eloquent/lib PYTHONPATH=/home/mirella/openvslam/ros/2/install/cv_bridge/lib/python3.6/site-packages:/home/mirella/openvslam/ros/2/install/opencv_tests/lib/python3.6/site-packages:/home/mirella/openvslam/ros/2/install/image_geometry/lib/python3.6/site-packages:/opt/ros/eloquent/lib/python3.6/site-packages /usr/bin/cmake --build /home/mirella/openvslam/ros/2/build/openvslam -- -j12 -l12
