[35m[1mScanning dependencies of target run_slam[0m
[ 50%] Built target run_localization
[ 75%] [32mBuilding CXX object src/CMakeFiles/run_slam.dir/run_slam.cc.o[0m
[01m[K/home/mirella/openvslam/ros/2/src/openvslam/src/run_slam.cc:[m[K In function â€˜[01m[Kvoid callback(std::shared_ptr<rclcpp::Publisher<nav_msgs::msg::Odometry_<std::allocator<void> >, std::allocator<void> > >)[m[Kâ€™:
[01m[K/home/mirella/openvslam/ros/2/src/openvslam/src/run_slam.cc:64:121:[m[K [01;35m[Kwarning: [m[Kunused parameter â€˜[01m[Kodometry_publisher[m[Kâ€™ [[01;35m[K-Wunused-parameter[m[K]
 void callback(std::shared_ptr<rclcpp::Publisher<nav_msgs::msg::Odometry_<std::allocator<void> >, std::allocator<void>>> [01;35m[Kodometry_publisher[m[K){
                                                                                                                         [01;35m[K^~~~~~~~~~~~~~~~~~[m[K
[01m[K/home/mirella/openvslam/ros/2/src/openvslam/src/run_slam.cc:[m[K In function â€˜[01m[Kvoid mono_tracking(const std::shared_ptr<openvslam::config>&, const string&, const string&, bool, const string&)[m[Kâ€™:
[01m[K/home/mirella/openvslam/ros/2/src/openvslam/src/run_slam.cc:118:59:[m[K [01;31m[Kerror: [m[Kexpected â€˜[01m[K)[m[Kâ€™ before â€˜[01m[K;[m[Kâ€™ token
     left_image.registerCallback(boost::bind(&callback, _1)[01;31m[K;[m[K // left_publisher, right_publisher,
                                                           [01;31m[K^[m[K
make[2]: *** [src/CMakeFiles/run_slam.dir/run_slam.cc.o] Error 1
src/CMakeFiles/run_slam.dir/build.make:62: recipe for target 'src/CMakeFiles/run_slam.dir/run_slam.cc.o' failed
CMakeFiles/Makefile2:151: recipe for target 'src/CMakeFiles/run_slam.dir/all' failed
make[1]: *** [src/CMakeFiles/run_slam.dir/all] Error 2
Makefile:140: recipe for target 'all' failed
make: *** [all] Error 2
