[0.020s] Invoking command in '/home/mirella/openvslam/ros/2/build/openvslam': CMAKE_PREFIX_PATH=/home/mirella/openvslam/ros/2/install/image_transport:/home/mirella/openvslam/ros/2/install/cv_bridge:/home/mirella/openvslam/ros/2/install/vision_opencv:/home/mirella/openvslam/ros/2/install/publisher:/home/mirella/openvslam/ros/2/install/openvslam:/home/mirella/openvslam/ros/2/install/image_common:/home/mirella/openvslam/ros/2/install/camera_info_manager:/home/mirella/openvslam/ros/2/install/image_geometry:/home/mirella/openvslam/ros/2/install/camera_calibration_parsers:/home/mirella/openvslam/ros/2/install/opencv_tests:/opt/ros/eloquent LD_LIBRARY_PATH=/home/mirella/openvslam/ros/2/install/image_transport/lib:/home/mirella/openvslam/ros/2/install/cv_bridge/lib:/home/mirella/openvslam/ros/2/install/camera_info_manager/lib:/home/mirella/openvslam/ros/2/install/image_geometry/lib:/home/mirella/openvslam/ros/2/install/camera_calibration_parsers/lib:/usr/lib/x86_64-linux-gnu/gazebo-9/plugins:/opt/ros/eloquent/opt/yaml_cpp_vendor/lib:/opt/ros/eloquent/opt/rviz_ogre_vendor/lib:/opt/ros/eloquent/lib/x86_64-linux-gnu:/opt/ros/eloquent/lib PYTHONPATH=/home/mirella/openvslam/ros/2/install/cv_bridge/lib/python3.6/site-packages:/home/mirella/openvslam/ros/2/install/opencv_tests/lib/python3.6/site-packages:/home/mirella/openvslam/ros/2/install/image_geometry/lib/python3.6/site-packages:/opt/ros/eloquent/lib/python3.6/site-packages /usr/bin/cmake --build /home/mirella/openvslam/ros/2/build/openvslam -- -j12 -l12
[0.069s] [35m[1mScanning dependencies of target run_slam[0m
[0.108s] [ 50%] Built target run_localization
[0.150s] [ 75%] [32mBuilding CXX object src/CMakeFiles/run_slam.dir/run_slam.cc.o[0m
[5.973s] [01m[K/home/mirella/openvslam/ros/2/src/openvslam/src/run_slam.cc:[m[K In function â€˜[01m[Kvoid mono_tracking(const std::shared_ptr<openvslam::config>&, const string&, const string&, bool, const string&)[m[Kâ€™:
[5.973s] [01m[K/home/mirella/openvslam/ros/2/src/openvslam/src/run_slam.cc:324:13:[m[K [01;31m[Kerror: [m[Kâ€˜[01m[KWallTime[m[Kâ€™ is not a member of â€˜[01m[Krclcpp[m[Kâ€™
[5.973s]      rclcpp::[01;31m[KWallTime[m[K<std::function<void()>(0.2,callback_time);
[5.973s]              [01;31m[K^~~~~~~~[m[K
[5.973s] [01m[K/home/mirella/openvslam/ros/2/src/openvslam/src/run_slam.cc:324:13:[m[K [01;36m[Knote: [m[Ksuggested alternative: â€˜[01m[KWallTimer[m[Kâ€™
[5.973s]      rclcpp::[01;36m[KWallTime[m[K<std::function<void()>(0.2,callback_time);
[5.973s]              [01;36m[K^~~~~~~~[m[K
[5.973s]              [32m[KWallTimer[m[K
[5.973s] [01m[K/home/mirella/openvslam/ros/2/src/openvslam/src/run_slam.cc:324:61:[m[K [01;31m[Kerror: [m[Kno matching function for call to â€˜[01m[Kstd::function<void()>::function(double, void (&)())[m[Kâ€™
[5.973s]      rclcpp::WallTime<std::function<void()>(0.2,callback_time[01;31m[K)[m[K;
[5.973s]                                                              [01;31m[K^[m[K
[5.973s] In file included from [01m[K/usr/include/c++/7/functional:58:0[m[K,
[5.973s]                  from [01m[K/usr/local/include/eigen3/Eigen/Core:281[m[K,
[5.973s]                  from [01m[K/home/mirella/openvslam/src/openvslam/type.h:10[m[K,
[5.973s]                  from [01m[K/home/mirella/openvslam/src/pangolin_viewer/viewer.h:6[m[K,
[5.974s]                  from [01m[K/home/mirella/openvslam/ros/2/src/openvslam/src/run_slam.cc:3[m[K:
[5.974s] [01m[K/usr/include/c++/7/bits/std_function.h:685:7:[m[K [01;36m[Knote: [m[Kcandidate: template<class _Functor, class, class> std::function<_Res(_ArgTypes ...)>::function(_Functor)
[5.974s]        [01;36m[Kfunction<_Res(_ArgTypes...)>[m[K::
[5.974s]        [01;36m[K^~~~~~~~~~~~~~~~~~~~~~~~~~~~[m[K
[5.974s] [01m[K/usr/include/c++/7/bits/std_function.h:685:7:[m[K [01;36m[Knote: [m[K  template argument deduction/substitution failed:
[5.974s] [01m[K/home/mirella/openvslam/ros/2/src/openvslam/src/run_slam.cc:324:61:[m[K [01;36m[Knote: [m[K  candidate expects 1 argument, 2 provided
[5.974s]      rclcpp::WallTime<std::function<void()>(0.2,callback_time[01;36m[K)[m[K;
[5.974s]                                                              [01;36m[K^[m[K
[5.974s] In file included from [01m[K/usr/include/c++/7/functional:58:0[m[K,
[5.974s]                  from [01m[K/usr/local/include/eigen3/Eigen/Core:281[m[K,
[5.974s]                  from [01m[K/home/mirella/openvslam/src/openvslam/type.h:10[m[K,
[5.974s]                  from [01m[K/home/mirella/openvslam/src/pangolin_viewer/viewer.h:6[m[K,
[5.974s]                  from [01m[K/home/mirella/openvslam/ros/2/src/openvslam/src/run_slam.cc:3[m[K:
[5.974s] [01m[K/usr/include/c++/7/bits/std_function.h:441:7:[m[K [01;36m[Knote: [m[Kcandidate: std::function<_Res(_ArgTypes ...)>::function(std::function<_Res(_ArgTypes ...)>&&) [with _Res = void; _ArgTypes = {}]
[5.974s]        [01;36m[Kfunction[m[K(function&& __x) noexcept : _Function_base()
[5.974s]        [01;36m[K^~~~~~~~[m[K
[5.974s] [01m[K/usr/include/c++/7/bits/std_function.h:441:7:[m[K [01;36m[Knote: [m[K  candidate expects 1 argument, 2 provided
[5.974s] [01m[K/usr/include/c++/7/bits/std_function.h:671:5:[m[K [01;36m[Knote: [m[Kcandidate: std::function<_Res(_ArgTypes ...)>::function(const std::function<_Res(_ArgTypes ...)>&) [with _Res = void; _ArgTypes = {}]
[5.974s]      [01;36m[Kfunction<_Res(_ArgTypes...)>[m[K::
[5.975s]      [01;36m[K^~~~~~~~~~~~~~~~~~~~~~~~~~~~[m[K
[5.975s] [01m[K/usr/include/c++/7/bits/std_function.h:671:5:[m[K [01;36m[Knote: [m[K  candidate expects 1 argument, 2 provided
[5.975s] [01m[K/usr/include/c++/7/bits/std_function.h:421:7:[m[K [01;36m[Knote: [m[Kcandidate: std::function<_Res(_ArgTypes ...)>::function(std::nullptr_t) [with _Res = void; _ArgTypes = {}; std::nullptr_t = std::nullptr_t]
[5.975s]        [01;36m[Kfunction[m[K(nullptr_t) noexcept
[5.975s]        [01;36m[K^~~~~~~~[m[K
[5.975s] [01m[K/usr/include/c++/7/bits/std_function.h:421:7:[m[K [01;36m[Knote: [m[K  candidate expects 1 argument, 2 provided
[5.975s] [01m[K/usr/include/c++/7/bits/std_function.h:414:7:[m[K [01;36m[Knote: [m[Kcandidate: std::function<_Res(_ArgTypes ...)>::function() [with _Res = void; _ArgTypes = {}]
[5.975s]        [01;36m[Kfunction[m[K() noexcept
[5.975s]        [01;36m[K^~~~~~~~[m[K
[5.975s] [01m[K/usr/include/c++/7/bits/std_function.h:414:7:[m[K [01;36m[Knote: [m[K  candidate expects 0 arguments, 2 provided
[5.975s] [01m[K/home/mirella/openvslam/ros/2/src/openvslam/src/run_slam.cc:238:65:[m[K [01;35m[Kwarning: [m[Kunused parameter â€˜[01m[Keval_log[m[Kâ€™ [[01;35m[K-Wunused-parameter[m[K]
[5.975s]                     const std::string& mask_img_path, const bool [01;35m[Keval_log[m[K, const std::string& map_db_path) {
[5.975s]                                                                  [01;35m[K^~~~~~~~[m[K
[5.975s] [01m[K/home/mirella/openvslam/ros/2/src/openvslam/src/run_slam.cc:238:94:[m[K [01;35m[Kwarning: [m[Kunused parameter â€˜[01m[Kmap_db_path[m[Kâ€™ [[01;35m[K-Wunused-parameter[m[K]
[5.975s]  std::string& mask_img_path, const bool eval_log, const std::string& [01;35m[Kmap_db_path[m[K) {
[5.975s]                                                                      [01;35m[K^~~~~~~~~~~[m[K
[6.348s] /home/mirella/openvslam/ros/2/src/openvslam/src/run_slam.cc: In instantiation of â€˜[01m[Kvoid publi(auto:3, auto:4&, auto:5) [with auto:3 = Eigen::Matrix<double, 4, 4>; auto:4 = std::shared_ptr<rclcpp::Publisher<nav_msgs::msg::Odometry_<std::allocator<void> >, std::allocator<void> > >; auto:5 = std::shared_ptr<rclcpp::Node>][m[Kâ€™:
[6.348s] [01m[K/home/mirella/openvslam/ros/2/src/openvslam/src/run_slam.cc:187:40:[m[K   required from here
[6.348s] [01m[K/home/mirella/openvslam/ros/2/src/openvslam/src/run_slam.cc:96:34:[m[K [01;35m[Kwarning: [m[Kunused parameter â€˜[01m[Kodometry_pub_[m[Kâ€™ [[01;35m[K-Wunused-parameter[m[K]
[6.348s]  void publi(auto cam_pose_, auto &[01;35m[Kodometry_pub_[m[K, auto node){
[6.348s]                                   [01;35m[K^~~~~~~~~~~~~[m[K
[10.937s] src/CMakeFiles/run_slam.dir/build.make:62: recipe for target 'src/CMakeFiles/run_slam.dir/run_slam.cc.o' failed
[10.937s] CMakeFiles/Makefile2:151: recipe for target 'src/CMakeFiles/run_slam.dir/all' failed
[10.937s] make[2]: *** [src/CMakeFiles/run_slam.dir/run_slam.cc.o] Error 1
[10.937s] make[1]: *** [src/CMakeFiles/run_slam.dir/all] Error 2
[10.938s] make: *** [all] Error 2
[10.938s] Makefile:140: recipe for target 'all' failed
[10.939s] Invoked command in '/home/mirella/openvslam/ros/2/build/openvslam' returned '2': CMAKE_PREFIX_PATH=/home/mirella/openvslam/ros/2/install/image_transport:/home/mirella/openvslam/ros/2/install/cv_bridge:/home/mirella/openvslam/ros/2/install/vision_opencv:/home/mirella/openvslam/ros/2/install/publisher:/home/mirella/openvslam/ros/2/install/openvslam:/home/mirella/openvslam/ros/2/install/image_common:/home/mirella/openvslam/ros/2/install/camera_info_manager:/home/mirella/openvslam/ros/2/install/image_geometry:/home/mirella/openvslam/ros/2/install/camera_calibration_parsers:/home/mirella/openvslam/ros/2/install/opencv_tests:/opt/ros/eloquent LD_LIBRARY_PATH=/home/mirella/openvslam/ros/2/install/image_transport/lib:/home/mirella/openvslam/ros/2/install/cv_bridge/lib:/home/mirella/openvslam/ros/2/install/camera_info_manager/lib:/home/mirella/openvslam/ros/2/install/image_geometry/lib:/home/mirella/openvslam/ros/2/install/camera_calibration_parsers/lib:/usr/lib/x86_64-linux-gnu/gazebo-9/plugins:/opt/ros/eloquent/opt/yaml_cpp_vendor/lib:/opt/ros/eloquent/opt/rviz_ogre_vendor/lib:/opt/ros/eloquent/lib/x86_64-linux-gnu:/opt/ros/eloquent/lib PYTHONPATH=/home/mirella/openvslam/ros/2/install/cv_bridge/lib/python3.6/site-packages:/home/mirella/openvslam/ros/2/install/opencv_tests/lib/python3.6/site-packages:/home/mirella/openvslam/ros/2/install/image_geometry/lib/python3.6/site-packages:/opt/ros/eloquent/lib/python3.6/site-packages /usr/bin/cmake --build /home/mirella/openvslam/ros/2/build/openvslam -- -j12 -l12
