[35m[1mScanning dependencies of target run_slam[0m
[ 50%] Built target run_localization
[ 75%] [32mBuilding CXX object src/CMakeFiles/run_slam.dir/run_slam.cc.o[0m
[01m[K/home/mirella/openvslam/ros/2/src/openvslam/src/run_slam.cc:[m[K In function â€˜[01m[Kvoid mono_tracking(const std::shared_ptr<openvslam::config>&, const string&, const string&, bool, const string&)[m[Kâ€™:
[01m[K/home/mirella/openvslam/ros/2/src/openvslam/src/run_slam.cc:323:23:[m[K [01;31m[Kerror: [m[Kâ€˜[01m[Kclass std::shared_ptr<rclcpp::Node>[m[Kâ€™ has no member named â€˜[01m[KcreateTimer[m[Kâ€™
     auto timer = node.[01;31m[KcreateTimer[m[K(rclcpp.Duration(1), demo_callback);
                       [01;31m[K^~~~~~~~~~~[m[K
[01m[K/home/mirella/openvslam/ros/2/src/openvslam/src/run_slam.cc:323:41:[m[K [01;31m[Kerror: [m[Kexpected primary-expression before â€˜[01m[K.[m[Kâ€™ token
     auto timer = node.createTimer(rclcpp[01;31m[K.[m[KDuration(1), demo_callback);
                                         [01;31m[K^[m[K
[01m[K/home/mirella/openvslam/ros/2/src/openvslam/src/run_slam.cc:323:55:[m[K [01;31m[Kerror: [m[Kâ€˜[01m[Kdemo_callback[m[Kâ€™ was not declared in this scope
     auto timer = node.createTimer(rclcpp.Duration(1), [01;31m[Kdemo_callback[m[K);
                                                       [01;31m[K^~~~~~~~~~~~~[m[K
[01m[K/home/mirella/openvslam/ros/2/src/openvslam/src/run_slam.cc:323:55:[m[K [01;36m[Knote: [m[Ksuggested alternative: â€˜[01m[Kcallback[m[Kâ€™
     auto timer = node.createTimer(rclcpp.Duration(1), [01;36m[Kdemo_callback[m[K);
                                                       [01;36m[K^~~~~~~~~~~~~[m[K
                                                       [32m[Kcallback[m[K
[01m[K/home/mirella/openvslam/ros/2/src/openvslam/src/run_slam.cc:238:65:[m[K [01;35m[Kwarning: [m[Kunused parameter â€˜[01m[Keval_log[m[Kâ€™ [[01;35m[K-Wunused-parameter[m[K]
                    const std::string& mask_img_path, const bool [01;35m[Keval_log[m[K, const std::string& map_db_path) {
                                                                 [01;35m[K^~~~~~~~[m[K
[01m[K/home/mirella/openvslam/ros/2/src/openvslam/src/run_slam.cc:238:94:[m[K [01;35m[Kwarning: [m[Kunused parameter â€˜[01m[Kmap_db_path[m[Kâ€™ [[01;35m[K-Wunused-parameter[m[K]
 std::string& mask_img_path, const bool eval_log, const std::string& [01;35m[Kmap_db_path[m[K) {
                                                                     [01;35m[K^~~~~~~~~~~[m[K
/home/mirella/openvslam/ros/2/src/openvslam/src/run_slam.cc: In instantiation of â€˜[01m[Kvoid publi(auto:3, auto:4&, auto:5) [with auto:3 = Eigen::Matrix<double, 4, 4>; auto:4 = std::shared_ptr<rclcpp::Publisher<nav_msgs::msg::Odometry_<std::allocator<void> >, std::allocator<void> > >; auto:5 = std::shared_ptr<rclcpp::Node>][m[Kâ€™:
[01m[K/home/mirella/openvslam/ros/2/src/openvslam/src/run_slam.cc:187:40:[m[K   required from here
[01m[K/home/mirella/openvslam/ros/2/src/openvslam/src/run_slam.cc:96:34:[m[K [01;35m[Kwarning: [m[Kunused parameter â€˜[01m[Kodometry_pub_[m[Kâ€™ [[01;35m[K-Wunused-parameter[m[K]
 void publi(auto cam_pose_, auto &[01;35m[Kodometry_pub_[m[K, auto node){
                                  [01;35m[K^~~~~~~~~~~~~[m[K
make[2]: *** [src/CMakeFiles/run_slam.dir/run_slam.cc.o] Error 1
src/CMakeFiles/run_slam.dir/build.make:62: recipe for target 'src/CMakeFiles/run_slam.dir/run_slam.cc.o' failed
make[1]: *** [src/CMakeFiles/run_slam.dir/all] Error 2
CMakeFiles/Makefile2:151: recipe for target 'src/CMakeFiles/run_slam.dir/all' failed
Makefile:140: recipe for target 'all' failed
make: *** [all] Error 2
