[0.030s] Invoking command in '/home/mirella/openvslam/ros/2/build/openvslam': CMAKE_PREFIX_PATH=/home/mirella/openvslam/ros/2/install/image_transport:/home/mirella/openvslam/ros/2/install/cv_bridge:/home/mirella/openvslam/ros/2/install/vision_opencv:/home/mirella/openvslam/ros/2/install/publisher:/home/mirella/openvslam/ros/2/install/openvslam:/home/mirella/openvslam/ros/2/install/image_common:/home/mirella/openvslam/ros/2/install/camera_info_manager:/home/mirella/openvslam/ros/2/install/image_geometry:/home/mirella/openvslam/ros/2/install/camera_calibration_parsers:/home/mirella/openvslam/ros/2/install/opencv_tests:/opt/ros/eloquent LD_LIBRARY_PATH=/home/mirella/openvslam/ros/2/install/image_transport/lib:/home/mirella/openvslam/ros/2/install/cv_bridge/lib:/home/mirella/openvslam/ros/2/install/camera_info_manager/lib:/home/mirella/openvslam/ros/2/install/image_geometry/lib:/home/mirella/openvslam/ros/2/install/camera_calibration_parsers/lib:/usr/lib/x86_64-linux-gnu/gazebo-9/plugins:/opt/ros/eloquent/opt/yaml_cpp_vendor/lib:/opt/ros/eloquent/opt/rviz_ogre_vendor/lib:/opt/ros/eloquent/lib/x86_64-linux-gnu:/opt/ros/eloquent/lib PYTHONPATH=/home/mirella/openvslam/ros/2/install/cv_bridge/lib/python3.6/site-packages:/home/mirella/openvslam/ros/2/install/opencv_tests/lib/python3.6/site-packages:/home/mirella/openvslam/ros/2/install/image_geometry/lib/python3.6/site-packages:/opt/ros/eloquent/lib/python3.6/site-packages /usr/bin/cmake --build /home/mirella/openvslam/ros/2/build/openvslam -- -j12 -l12
[0.073s] [35m[1mScanning dependencies of target run_slam[0m
[0.102s] [ 50%] Built target run_localization
[0.154s] [ 75%] [32mBuilding CXX object src/CMakeFiles/run_slam.dir/run_slam.cc.o[0m
[6.024s] [01m[K/home/mirella/openvslam/ros/2/src/openvslam/src/run_slam.cc:74:1:[m[K [01;31m[Kerror: [m[Kâ€˜[01m[Kodom_broadcaster[m[Kâ€™ does not name a type
[6.024s]  [01;31m[Kodom_broadcaster[m[K = std::make_shared<tf2_ros::TransformBroadcaster>(node);
[6.024s]  [01;31m[K^~~~~~~~~~~~~~~~[m[K
[6.092s] [01m[K/home/mirella/openvslam/ros/2/src/openvslam/src/run_slam.cc:[m[K In function â€˜[01m[Kvoid mono_tracking(const std::shared_ptr<openvslam::config>&, const string&, const string&, bool, const string&)[m[Kâ€™:
[6.092s] [01m[K/home/mirella/openvslam/ros/2/src/openvslam/src/run_slam.cc:319:24:[m[K [01;31m[Kerror: [m[Kexpected primary-expression before â€˜[01m[K.[m[Kâ€™ token
[6.092s]      auto timer = rclcpp[01;31m[K.[m[KTimer(rclcpp.Duration(1), demo_callback())
[6.093s]                         [01;31m[K^[m[K
[6.093s] [01m[K/home/mirella/openvslam/ros/2/src/openvslam/src/run_slam.cc:319:37:[m[K [01;31m[Kerror: [m[Kexpected primary-expression before â€˜[01m[K.[m[Kâ€™ token
[6.093s]      auto timer = rclcpp.Timer(rclcpp[01;31m[K.[m[KDuration(1), demo_callback())
[6.093s]                                      [01;31m[K^[m[K
[6.093s] [01m[K/home/mirella/openvslam/ros/2/src/openvslam/src/run_slam.cc:319:51:[m[K [01;31m[Kerror: [m[Kâ€˜[01m[Kdemo_callback[m[Kâ€™ was not declared in this scope
[6.093s]      auto timer = rclcpp.Timer(rclcpp.Duration(1), [01;31m[Kdemo_callback[m[K())
[6.093s]                                                    [01;31m[K^~~~~~~~~~~~~[m[K
[6.098s] [01m[K/home/mirella/openvslam/ros/2/src/openvslam/src/run_slam.cc:319:51:[m[K [01;36m[Knote: [m[Ksuggested alternative: â€˜[01m[Kcallback[m[Kâ€™
[6.098s]      auto timer = rclcpp.Timer(rclcpp.Duration(1), [01;36m[Kdemo_callback[m[K())
[6.098s]                                                    [01;36m[K^~~~~~~~~~~~~[m[K
[6.098s]                                                    [32m[Kcallback[m[K
[6.098s] [01m[K/home/mirella/openvslam/ros/2/src/openvslam/src/run_slam.cc:377:1:[m[K [01;31m[Kerror: [m[Kexpected â€˜[01m[K,[m[Kâ€™ or â€˜[01m[K;[m[Kâ€™ before â€˜[01m[K}[m[Kâ€™ token
[6.098s]  [01;31m[K}[m[K
[6.098s]  [01;31m[K^[m[K
[6.098s] [01m[K/home/mirella/openvslam/ros/2/src/openvslam/src/run_slam.cc:234:65:[m[K [01;35m[Kwarning: [m[Kunused parameter â€˜[01m[Keval_log[m[Kâ€™ [[01;35m[K-Wunused-parameter[m[K]
[6.099s]                     const std::string& mask_img_path, const bool [01;35m[Keval_log[m[K, const std::string& map_db_path) {
[6.099s]                                                                  [01;35m[K^~~~~~~~[m[K
[6.099s] [01m[K/home/mirella/openvslam/ros/2/src/openvslam/src/run_slam.cc:234:94:[m[K [01;35m[Kwarning: [m[Kunused parameter â€˜[01m[Kmap_db_path[m[Kâ€™ [[01;35m[K-Wunused-parameter[m[K]
[6.099s]  std::string& mask_img_path, const bool eval_log, const std::string& [01;35m[Kmap_db_path[m[K) {
[6.099s]                                                                      [01;35m[K^~~~~~~~~~~[m[K
[6.488s] /home/mirella/openvslam/ros/2/src/openvslam/src/run_slam.cc: In instantiation of â€˜[01m[Kvoid publi(auto:3, auto:4&, auto:5) [with auto:3 = Eigen::Matrix<double, 4, 4>; auto:4 = std::shared_ptr<rclcpp::Publisher<nav_msgs::msg::Odometry_<std::allocator<void> >, std::allocator<void> > >; auto:5 = std::shared_ptr<rclcpp::Node>][m[Kâ€™:
[6.488s] [01m[K/home/mirella/openvslam/ros/2/src/openvslam/src/run_slam.cc:183:40:[m[K   required from here
[6.488s] [01m[K/home/mirella/openvslam/ros/2/src/openvslam/src/run_slam.cc:92:34:[m[K [01;35m[Kwarning: [m[Kunused parameter â€˜[01m[Kodometry_pub_[m[Kâ€™ [[01;35m[K-Wunused-parameter[m[K]
[6.488s]  void publi(auto cam_pose_, auto &[01;35m[Kodometry_pub_[m[K, auto node){
[6.488s]                                   [01;35m[K^~~~~~~~~~~~~[m[K
[11.152s] make[2]: *** [src/CMakeFiles/run_slam.dir/run_slam.cc.o] Error 1
[11.152s] src/CMakeFiles/run_slam.dir/build.make:62: recipe for target 'src/CMakeFiles/run_slam.dir/run_slam.cc.o' failed
[11.153s] CMakeFiles/Makefile2:151: recipe for target 'src/CMakeFiles/run_slam.dir/all' failed
[11.153s] make[1]: *** [src/CMakeFiles/run_slam.dir/all] Error 2
[11.153s] make: *** [all] Error 2
[11.153s] Makefile:140: recipe for target 'all' failed
[11.154s] Invoked command in '/home/mirella/openvslam/ros/2/build/openvslam' returned '2': CMAKE_PREFIX_PATH=/home/mirella/openvslam/ros/2/install/image_transport:/home/mirella/openvslam/ros/2/install/cv_bridge:/home/mirella/openvslam/ros/2/install/vision_opencv:/home/mirella/openvslam/ros/2/install/publisher:/home/mirella/openvslam/ros/2/install/openvslam:/home/mirella/openvslam/ros/2/install/image_common:/home/mirella/openvslam/ros/2/install/camera_info_manager:/home/mirella/openvslam/ros/2/install/image_geometry:/home/mirella/openvslam/ros/2/install/camera_calibration_parsers:/home/mirella/openvslam/ros/2/install/opencv_tests:/opt/ros/eloquent LD_LIBRARY_PATH=/home/mirella/openvslam/ros/2/install/image_transport/lib:/home/mirella/openvslam/ros/2/install/cv_bridge/lib:/home/mirella/openvslam/ros/2/install/camera_info_manager/lib:/home/mirella/openvslam/ros/2/install/image_geometry/lib:/home/mirella/openvslam/ros/2/install/camera_calibration_parsers/lib:/usr/lib/x86_64-linux-gnu/gazebo-9/plugins:/opt/ros/eloquent/opt/yaml_cpp_vendor/lib:/opt/ros/eloquent/opt/rviz_ogre_vendor/lib:/opt/ros/eloquent/lib/x86_64-linux-gnu:/opt/ros/eloquent/lib PYTHONPATH=/home/mirella/openvslam/ros/2/install/cv_bridge/lib/python3.6/site-packages:/home/mirella/openvslam/ros/2/install/opencv_tests/lib/python3.6/site-packages:/home/mirella/openvslam/ros/2/install/image_geometry/lib/python3.6/site-packages:/opt/ros/eloquent/lib/python3.6/site-packages /usr/bin/cmake --build /home/mirella/openvslam/ros/2/build/openvslam -- -j12 -l12
