[0.025s] Invoking command in '/home/mirella/openvslam/ros/2/build/openvslam': CMAKE_PREFIX_PATH=/home/mirella/openvslam/ros/2/install/image_transport:/home/mirella/openvslam/ros/2/install/cv_bridge:/home/mirella/openvslam/ros/2/install/vision_opencv:/home/mirella/openvslam/ros/2/install/publisher:/home/mirella/openvslam/ros/2/install/openvslam:/home/mirella/openvslam/ros/2/install/image_common:/home/mirella/openvslam/ros/2/install/camera_info_manager:/home/mirella/openvslam/ros/2/install/image_geometry:/home/mirella/openvslam/ros/2/install/camera_calibration_parsers:/home/mirella/openvslam/ros/2/install/opencv_tests:/opt/ros/eloquent LD_LIBRARY_PATH=/home/mirella/openvslam/ros/2/install/image_transport/lib:/home/mirella/openvslam/ros/2/install/cv_bridge/lib:/home/mirella/openvslam/ros/2/install/camera_info_manager/lib:/home/mirella/openvslam/ros/2/install/image_geometry/lib:/home/mirella/openvslam/ros/2/install/camera_calibration_parsers/lib:/usr/lib/x86_64-linux-gnu/gazebo-9/plugins:/opt/ros/eloquent/opt/yaml_cpp_vendor/lib:/opt/ros/eloquent/opt/rviz_ogre_vendor/lib:/opt/ros/eloquent/lib/x86_64-linux-gnu:/opt/ros/eloquent/lib PYTHONPATH=/home/mirella/openvslam/ros/2/install/cv_bridge/lib/python3.6/site-packages:/home/mirella/openvslam/ros/2/install/opencv_tests/lib/python3.6/site-packages:/home/mirella/openvslam/ros/2/install/image_geometry/lib/python3.6/site-packages:/opt/ros/eloquent/lib/python3.6/site-packages /usr/bin/cmake --build /home/mirella/openvslam/ros/2/build/openvslam -- -j12 -l12
[0.077s] [35m[1mScanning dependencies of target run_slam[0m
[0.111s] [ 50%] Built target run_localization
[0.166s] [ 75%] [32mBuilding CXX object src/CMakeFiles/run_slam.dir/run_slam.cc.o[0m
[5.771s] In file included from [01m[K/usr/include/boost/bind.hpp:22:0[m[K,
[5.771s]                  from [01m[K/usr/include/boost/thread/detail/thread.hpp:30[m[K,
[5.771s]                  from [01m[K/usr/include/boost/thread/thread_only.hpp:22[m[K,
[5.771s]                  from [01m[K/usr/include/boost/thread/thread.hpp:12[m[K,
[5.771s]                  from [01m[K/usr/include/boost/thread.hpp:13[m[K,
[5.771s]                  from [01m[K/usr/include/pcl-1.8/pcl/io/boost.h:51[m[K,
[5.771s]                  from [01m[K/usr/include/pcl-1.8/pcl/io/file_io.h:43[m[K,
[5.771s]                  from [01m[K/usr/include/pcl-1.8/pcl/io/pcd_io.h:44[m[K,
[5.771s]                  from [01m[K/opt/ros/eloquent/include/pcl_conversions/pcl_conversions.h:72[m[K,
[5.772s]                  from [01m[K/home/mirella/openvslam/ros/2/src/openvslam/src/run_slam.cc:44[m[K:
[5.772s] /usr/include/boost/bind/bind.hpp: In instantiation of â€˜[01m[Kstruct boost::_bi::result_traits<boost::_bi::unspecified, void (*)()>[m[Kâ€™:
[5.772s] [01m[K/usr/include/boost/bind/bind.hpp:1284:48:[m[K   required from â€˜[01m[Kclass boost::_bi::bind_t<boost::_bi::unspecified, void (*)(), boost::_bi::list1<boost::_bi::value<std::shared_ptr<rclcpp::Node> > > >[m[Kâ€™
[5.772s] [01m[K/home/mirella/openvslam/ros/2/src/openvslam/src/run_slam.cc:325:80:[m[K   required from here
[5.772s] [01m[K/usr/include/boost/bind/bind.hpp:75:37:[m[K [01;31m[Kerror: [m[Kâ€˜[01m[Kvoid (*)()[m[Kâ€™ is not a class, struct, or union type
[5.772s]      typedef typename F::result_type [01;31m[Ktype[m[K;
[5.772s]                                      [01;31m[K^~~~[m[K
[5.772s] [01m[K/home/mirella/openvslam/ros/2/src/openvslam/src/run_slam.cc:[m[K In function â€˜[01m[Kvoid mono_tracking(const std::shared_ptr<openvslam::config>&, const string&, const string&, bool, const string&)[m[Kâ€™:
[5.772s] [01m[K/home/mirella/openvslam/ros/2/src/openvslam/src/run_slam.cc:325:81:[m[K [01;31m[Kerror: [m[Kno matching function for call to â€˜[01m[Krclcpp::Node::create_wall_timer(double, boost::_bi::bind_t<boost::_bi::unspecified, void (*)(), boost::_bi::list1<boost::_bi::value<std::shared_ptr<rclcpp::Node> > > >)[m[Kâ€™
[5.772s]      auto timer_ = node->create_wall_timer(0.2,  boost::bind(callback_time, node)[01;31m[K)[m[K;
[5.772s]                                                                                  [01;31m[K^[m[K
[5.772s] In file included from [01m[K/opt/ros/eloquent/include/rclcpp/executors/single_threaded_executor.hpp:28:0[m[K,
[5.772s]                  from [01m[K/opt/ros/eloquent/include/rclcpp/executors.hpp:22[m[K,
[5.772s]                  from [01m[K/opt/ros/eloquent/include/rclcpp/rclcpp.hpp:145[m[K,
[5.772s]                  from [01m[K/home/mirella/openvslam/ros/2/src/openvslam/src/run_slam.cc:21[m[K:
[5.772s] [01m[K/opt/ros/eloquent/include/rclcpp/node.hpp:227:3:[m[K [01;36m[Knote: [m[Kcandidate: template<class DurationRepT, class DurationT, class CallbackT> typename rclcpp::WallTimer<CallbackT>::SharedPtr rclcpp::Node::create_wall_timer(std::chrono::duration<_Rep1, _Period1>, CallbackT, rclcpp::callback_group::CallbackGroup::SharedPtr)
[5.772s]    [01;36m[Kcreate_wall_timer[m[K(
[5.772s]    [01;36m[K^~~~~~~~~~~~~~~~~[m[K
[5.772s] [01m[K/opt/ros/eloquent/include/rclcpp/node.hpp:227:3:[m[K [01;36m[Knote: [m[K  template argument deduction/substitution failed:
[5.773s] [01m[K/home/mirella/openvslam/ros/2/src/openvslam/src/run_slam.cc:325:81:[m[K [01;36m[Knote: [m[K  mismatched types â€˜[01m[Kstd::chrono::duration<_Rep1, _Period1>[m[Kâ€™ and â€˜[01m[Kdouble[m[Kâ€™
[5.773s]      auto timer_ = node->create_wall_timer(0.2,  boost::bind(callback_time, node)[01;36m[K)[m[K;
[5.773s]                                                                                  [01;36m[K^[m[K
[5.773s] [01m[K/home/mirella/openvslam/ros/2/src/openvslam/src/run_slam.cc:238:65:[m[K [01;35m[Kwarning: [m[Kunused parameter â€˜[01m[Keval_log[m[Kâ€™ [[01;35m[K-Wunused-parameter[m[K]
[5.773s]                     const std::string& mask_img_path, const bool [01;35m[Keval_log[m[K, const std::string& map_db_path) {
[5.773s]                                                                  [01;35m[K^~~~~~~~[m[K
[5.773s] [01m[K/home/mirella/openvslam/ros/2/src/openvslam/src/run_slam.cc:238:94:[m[K [01;35m[Kwarning: [m[Kunused parameter â€˜[01m[Kmap_db_path[m[Kâ€™ [[01;35m[K-Wunused-parameter[m[K]
[5.773s]                     const std::string& mask_img_path, const bool eval_log, const std::string& [01;35m[Kmap_db_path[m[K) {
[5.773s]                                                                                               [01;35m[K^~~~~~~~~~~[m[K
[6.143s] /home/mirella/openvslam/ros/2/src/openvslam/src/run_slam.cc: In instantiation of â€˜[01m[Kvoid publi(auto:3, auto:4&, auto:5) [with auto:3 = Eigen::Matrix<double, 4, 4>; auto:4 = std::shared_ptr<rclcpp::Publisher<nav_msgs::msg::Odometry_<std::allocator<void> >, std::allocator<void> > >; auto:5 = std::shared_ptr<rclcpp::Node>][m[Kâ€™:
[6.143s] [01m[K/home/mirella/openvslam/ros/2/src/openvslam/src/run_slam.cc:187:40:[m[K   required from here
[6.143s] [01m[K/home/mirella/openvslam/ros/2/src/openvslam/src/run_slam.cc:96:34:[m[K [01;35m[Kwarning: [m[Kunused parameter â€˜[01m[Kodometry_pub_[m[Kâ€™ [[01;35m[K-Wunused-parameter[m[K]
[6.143s]  void publi(auto cam_pose_, auto &[01;35m[Kodometry_pub_[m[K, auto node){
[6.143s]                                   [01;35m[K^~~~~~~~~~~~~[m[K
[10.645s] src/CMakeFiles/run_slam.dir/build.make:62: recipe for target 'src/CMakeFiles/run_slam.dir/run_slam.cc.o' failed
[10.645s] make[2]: *** [src/CMakeFiles/run_slam.dir/run_slam.cc.o] Error 1
[10.645s] CMakeFiles/Makefile2:151: recipe for target 'src/CMakeFiles/run_slam.dir/all' failed
[10.646s] make[1]: *** [src/CMakeFiles/run_slam.dir/all] Error 2
[10.646s] make: *** [all] Error 2
[10.646s] Makefile:140: recipe for target 'all' failed
[10.648s] Invoked command in '/home/mirella/openvslam/ros/2/build/openvslam' returned '2': CMAKE_PREFIX_PATH=/home/mirella/openvslam/ros/2/install/image_transport:/home/mirella/openvslam/ros/2/install/cv_bridge:/home/mirella/openvslam/ros/2/install/vision_opencv:/home/mirella/openvslam/ros/2/install/publisher:/home/mirella/openvslam/ros/2/install/openvslam:/home/mirella/openvslam/ros/2/install/image_common:/home/mirella/openvslam/ros/2/install/camera_info_manager:/home/mirella/openvslam/ros/2/install/image_geometry:/home/mirella/openvslam/ros/2/install/camera_calibration_parsers:/home/mirella/openvslam/ros/2/install/opencv_tests:/opt/ros/eloquent LD_LIBRARY_PATH=/home/mirella/openvslam/ros/2/install/image_transport/lib:/home/mirella/openvslam/ros/2/install/cv_bridge/lib:/home/mirella/openvslam/ros/2/install/camera_info_manager/lib:/home/mirella/openvslam/ros/2/install/image_geometry/lib:/home/mirella/openvslam/ros/2/install/camera_calibration_parsers/lib:/usr/lib/x86_64-linux-gnu/gazebo-9/plugins:/opt/ros/eloquent/opt/yaml_cpp_vendor/lib:/opt/ros/eloquent/opt/rviz_ogre_vendor/lib:/opt/ros/eloquent/lib/x86_64-linux-gnu:/opt/ros/eloquent/lib PYTHONPATH=/home/mirella/openvslam/ros/2/install/cv_bridge/lib/python3.6/site-packages:/home/mirella/openvslam/ros/2/install/opencv_tests/lib/python3.6/site-packages:/home/mirella/openvslam/ros/2/install/image_geometry/lib/python3.6/site-packages:/opt/ros/eloquent/lib/python3.6/site-packages /usr/bin/cmake --build /home/mirella/openvslam/ros/2/build/openvslam -- -j12 -l12
