[0.034s] Invoking command in '/home/mirella/openvslam/ros/2/build/openvslam': CMAKE_PREFIX_PATH=/home/mirella/openvslam/ros/2/install/image_transport:/home/mirella/openvslam/ros/2/install/cv_bridge:/home/mirella/openvslam/ros/2/install/vision_opencv:/home/mirella/openvslam/ros/2/install/publisher:/home/mirella/openvslam/ros/2/install/openvslam:/home/mirella/openvslam/ros/2/install/image_common:/home/mirella/openvslam/ros/2/install/camera_info_manager:/home/mirella/openvslam/ros/2/install/image_geometry:/home/mirella/openvslam/ros/2/install/camera_calibration_parsers:/home/mirella/openvslam/ros/2/install/opencv_tests:/opt/ros/eloquent LD_LIBRARY_PATH=/home/mirella/openvslam/ros/2/install/image_transport/lib:/home/mirella/openvslam/ros/2/install/cv_bridge/lib:/home/mirella/openvslam/ros/2/install/camera_info_manager/lib:/home/mirella/openvslam/ros/2/install/image_geometry/lib:/home/mirella/openvslam/ros/2/install/camera_calibration_parsers/lib:/opt/ros/eloquent/opt/yaml_cpp_vendor/lib:/opt/ros/eloquent/opt/rviz_ogre_vendor/lib:/opt/ros/eloquent/lib/x86_64-linux-gnu:/opt/ros/eloquent/lib PYTHONPATH=/home/mirella/openvslam/ros/2/install/cv_bridge/lib/python3.6/site-packages:/home/mirella/openvslam/ros/2/build/opencv_tests:/home/mirella/openvslam/ros/2/install/opencv_tests/lib/python3.6/site-packages:/home/mirella/openvslam/ros/2/install/image_geometry/lib/python3.6/site-packages:/opt/ros/eloquent/lib/python3.6/site-packages /usr/bin/cmake --build /home/mirella/openvslam/ros/2/build/openvslam -- -j12 -l12
[0.059s] -- Root directory of OpenVSLAM: /home/mirella/openvslam
[0.059s] -- Source directory of OpenVSLAM: /home/mirella/openvslam/src
[0.059s] -- Library directory of OpenVSLAM: /home/mirella/openvslam/build/lib
[0.059s] -- Build type: Release
[0.059s] -- Address/Memory sanitizer: DISABLED
[0.060s] -- Stack trace logger: DISABLED
[0.060s] -- Google Perftools: DISABLED
[0.060s] -- Architecture-aware optimization (-march=native): DISABLED
[0.060s] -- C++11 support: OK (-std=c++17)
[0.062s] -- Found ament_cmake: 0.8.2 (/opt/ros/eloquent/share/ament_cmake/cmake)
[0.101s] -- Using PYTHON_EXECUTABLE: /usr/bin/python3
[0.321s] -- Override CMake install command with custom implementation using symlinks instead of copying resources
[0.326s] -- Found rclcpp: 0.8.4 (/opt/ros/eloquent/share/rclcpp/cmake)
[0.339s] -- Found rosidl_adapter: 0.8.2 (/opt/ros/eloquent/share/rosidl_adapter/cmake)
[0.369s] -- Found rmw_implementation_cmake: 0.8.1 (/opt/ros/eloquent/share/rmw_implementation_cmake/cmake)
[0.370s] -- Using RMW implementation 'rmw_fastrtps_cpp' as default
[0.397s] -- Found cv_bridge: 2.2.1 (/home/mirella/openvslam/ros/2/install/cv_bridge/share/cv_bridge/cmake)
[0.404s] -- Found tf2_ros: 0.12.5 (/opt/ros/eloquent/share/tf2_ros/cmake)
[0.477s] -- Found sensor_msgs: 0.8.1 (/opt/ros/eloquent/share/sensor_msgs/cmake)
[0.489s] -- Found visualization_msgs: 0.8.1 (/opt/ros/eloquent/share/visualization_msgs/cmake)
[0.499s] -- Found pcl_conversions: 2.1.0 (/opt/ros/eloquent/share/pcl_conversions/cmake)
[0.551s] -- Found nav_msgs: 0.8.1 (/opt/ros/eloquent/share/nav_msgs/cmake)
[0.559s] -- Found image_transport: 2.2.1 (/home/mirella/openvslam/ros/2/install/image_transport/share/image_transport/cmake)
[0.580s] -- Found tinyxml2_vendor:  (/opt/ros/eloquent/share/tinyxml2_vendor/cmake)
[0.588s] -- Found poco_vendor:  (/opt/ros/eloquent/share/poco_vendor/cmake)
[0.617s] -- Boost version: 1.65.1
[0.617s] -- Found the following Boost libraries:
[0.617s] --   system
[0.649s] -- Boost version: 1.65.1
[0.649s] -- Found the following Boost libraries:
[0.649s] --   system
[0.649s] --   filesystem
[0.649s] --   thread
[0.650s] --   date_time
[0.650s] --   iostreams
[0.650s] --   serialization
[0.650s] --   chrono
[0.650s] --   atomic
[0.650s] --   regex
[0.659s] -- Could NOT find ensenso (missing: ENSENSO_LIBRARY ENSENSO_INCLUDE_DIR) 
[0.659s] ** WARNING ** io features related to ensenso will be disabled
[0.661s] -- Could NOT find DAVIDSDK (missing: DAVIDSDK_LIBRARY DAVIDSDK_INCLUDE_DIR) 
[0.661s] ** WARNING ** io features related to davidSDK will be disabled
[0.661s] -- Could NOT find DSSDK (missing: _DSSDK_LIBRARIES) 
[0.661s] ** WARNING ** io features related to dssdk will be disabled
[0.661s] ** WARNING ** io features related to pcap will be disabled
[0.662s] ** WARNING ** io features related to png will be disabled
[0.703s] -- The imported target "vtkRenderingPythonTkWidgets" references the file
[0.703s]    "/usr/lib/x86_64-linux-gnu/libvtkRenderingPythonTkWidgets.so"
[0.703s] but this file does not exist.  Possible reasons include:
[0.703s] * The file was deleted, renamed, or moved to another location.
[0.703s] * An install or uninstall procedure did not complete successfully.
[0.703s] * The installation package was faulty and contained
[0.704s]    "/usr/lib/cmake/vtk-6.3/VTKTargets.cmake"
[0.704s] but not all the files it references.
[0.704s] 
[0.704s] -- The imported target "vtk" references the file
[0.704s]    "/usr/bin/vtk"
[0.704s] but this file does not exist.  Possible reasons include:
[0.704s] * The file was deleted, renamed, or moved to another location.
[0.704s] * An install or uninstall procedure did not complete successfully.
[0.704s] * The installation package was faulty and contained
[0.704s]    "/usr/lib/cmake/vtk-6.3/VTKTargets.cmake"
[0.704s] but not all the files it references.
[0.704s] 
[0.737s] ** WARNING ** io features related to libusb-1.0 will be disabled
[0.760s] -- Could NOT find ensenso (missing: ENSENSO_LIBRARY ENSENSO_INCLUDE_DIR) 
[0.760s] ** WARNING ** visualization features related to ensenso will be disabled
[0.762s] -- Could NOT find DAVIDSDK (missing: DAVIDSDK_LIBRARY DAVIDSDK_INCLUDE_DIR) 
[0.762s] ** WARNING ** visualization features related to davidSDK will be disabled
[0.762s] -- Could NOT find DSSDK (missing: _DSSDK_LIBRARIES) 
[0.762s] ** WARNING ** visualization features related to dssdk will be disabled
[0.763s] -- Could NOT find RSSDK (missing: _RSSDK_LIBRARIES) 
[0.763s] ** WARNING ** visualization features related to rssdk will be disabled
[0.797s] -- looking for PCL_COMMON
[0.798s] -- looking for PCL_OCTREE
[0.798s] -- looking for PCL_IO
[0.798s] -- looking for PCL_KDTREE
[0.799s] -- looking for PCL_SEARCH
[0.799s] -- looking for PCL_SAMPLE_CONSENSUS
[0.800s] -- looking for PCL_FILTERS
[0.800s] -- looking for PCL_2D
[0.801s] -- looking for PCL_GEOMETRY
[0.801s] -- looking for PCL_FEATURES
[0.802s] -- looking for PCL_ML
[0.802s] -- looking for PCL_SEGMENTATION
[0.803s] -- looking for PCL_VISUALIZATION
[0.803s] -- looking for PCL_SURFACE
[0.804s] -- looking for PCL_REGISTRATION
[0.804s] -- looking for PCL_KEYPOINTS
[0.805s] -- looking for PCL_TRACKING
[0.805s] -- looking for PCL_RECOGNITION
[0.806s] -- looking for PCL_STEREO
[0.806s] -- looking for PCL_APPS
[0.808s] -- looking for PCL_IN_HAND_SCANNER
[0.809s] -- looking for PCL_MODELER
[0.809s] -- looking for PCL_POINT_CLOUD_EDITOR
[0.809s] -- looking for PCL_OUTOFCORE
[0.810s] -- looking for PCL_PEOPLE
[0.829s] -- Use OpenCV 3.4.0
[0.831s] -- BoW framework: DBoW2 (found in /usr/local/include)
[0.833s] -- Viewer for examples: pangolin viewer
[1.394s] -- Configuring done
[1.465s] -- Generating done
[1.467s] -- Build files have been written to: /home/mirella/openvslam/ros/2/build/openvslam
[1.512s] [ 25%] [32mBuilding CXX object src/CMakeFiles/run_slam.dir/run_slam.cc.o[0m
[1.519s] [ 50%] [32m[1mLinking CXX executable run_localization[0m
[2.351s] [ 75%] Built target run_localization
[6.961s] [01m[K/home/mirella/openvslam/ros/2/src/openvslam/src/run_slam.cc:[m[K In function â€˜[01m[Kvoid mono_tracking(const std::shared_ptr<openvslam::config>&, const string&, const string&, bool, const string&)[m[Kâ€™:
[6.962s] [01m[K/home/mirella/openvslam/ros/2/src/openvslam/src/run_slam.cc:67:92:[m[K [01;31m[Kerror: [m[Kno matching function for call to â€˜[01m[Krclcpp::Node::create_publisher<sensor_msgs::msg::PointCloud2>(const char [12])[m[Kâ€™
[6.962s]      auto point_cloud_ = node->create_publisher<sensor_msgs::msg::PointCloud2>("point_cloud"[01;31m[K)[m[K;
[6.962s]                                                                                             [01;31m[K^[m[K
[6.962s] In file included from [01m[K/opt/ros/eloquent/include/rclcpp/executors/single_threaded_executor.hpp:28:0[m[K,
[6.962s]                  from [01m[K/opt/ros/eloquent/include/rclcpp/executors.hpp:22[m[K,
[6.962s]                  from [01m[K/opt/ros/eloquent/include/rclcpp/rclcpp.hpp:145[m[K,
[6.962s]                  from [01m[K/home/mirella/openvslam/ros/2/src/openvslam/src/run_slam.cc:17[m[K:
[6.962s] [01m[K/opt/ros/eloquent/include/rclcpp/node.hpp:179:3:[m[K [01;36m[Knote: [m[Kcandidate: template<class MessageT, class AllocatorT, class PublisherT> std::shared_ptr<PublisherT> rclcpp::Node::create_publisher(const string&, const rclcpp::QoS&, const rclcpp::PublisherOptionsWithAllocator<AllocatorT>&)
[6.962s]    [01;36m[Kcreate_publisher[m[K(
[6.962s]    [01;36m[K^~~~~~~~~~~~~~~~[m[K
[6.962s] [01m[K/opt/ros/eloquent/include/rclcpp/node.hpp:179:3:[m[K [01;36m[Knote: [m[K  template argument deduction/substitution failed:
[6.962s] [01m[K/home/mirella/openvslam/ros/2/src/openvslam/src/run_slam.cc:67:92:[m[K [01;36m[Knote: [m[K  candidate expects 3 arguments, 1 provided
[6.962s]      auto point_cloud_ = node->create_publisher<sensor_msgs::msg::PointCloud2>("point_cloud"[01;36m[K)[m[K;
[6.962s]                                                                                             [01;36m[K^[m[K
[11.172s] src/CMakeFiles/run_slam.dir/build.make:62: recipe for target 'src/CMakeFiles/run_slam.dir/run_slam.cc.o' failed
[11.172s] make[2]: *** [src/CMakeFiles/run_slam.dir/run_slam.cc.o] Error 1
[11.172s] CMakeFiles/Makefile2:151: recipe for target 'src/CMakeFiles/run_slam.dir/all' failed
[11.172s] make[1]: *** [src/CMakeFiles/run_slam.dir/all] Error 2
[11.172s] Makefile:140: recipe for target 'all' failed
[11.173s] make: *** [all] Error 2
[11.175s] Invoked command in '/home/mirella/openvslam/ros/2/build/openvslam' returned '2': CMAKE_PREFIX_PATH=/home/mirella/openvslam/ros/2/install/image_transport:/home/mirella/openvslam/ros/2/install/cv_bridge:/home/mirella/openvslam/ros/2/install/vision_opencv:/home/mirella/openvslam/ros/2/install/publisher:/home/mirella/openvslam/ros/2/install/openvslam:/home/mirella/openvslam/ros/2/install/image_common:/home/mirella/openvslam/ros/2/install/camera_info_manager:/home/mirella/openvslam/ros/2/install/image_geometry:/home/mirella/openvslam/ros/2/install/camera_calibration_parsers:/home/mirella/openvslam/ros/2/install/opencv_tests:/opt/ros/eloquent LD_LIBRARY_PATH=/home/mirella/openvslam/ros/2/install/image_transport/lib:/home/mirella/openvslam/ros/2/install/cv_bridge/lib:/home/mirella/openvslam/ros/2/install/camera_info_manager/lib:/home/mirella/openvslam/ros/2/install/image_geometry/lib:/home/mirella/openvslam/ros/2/install/camera_calibration_parsers/lib:/opt/ros/eloquent/opt/yaml_cpp_vendor/lib:/opt/ros/eloquent/opt/rviz_ogre_vendor/lib:/opt/ros/eloquent/lib/x86_64-linux-gnu:/opt/ros/eloquent/lib PYTHONPATH=/home/mirella/openvslam/ros/2/install/cv_bridge/lib/python3.6/site-packages:/home/mirella/openvslam/ros/2/build/opencv_tests:/home/mirella/openvslam/ros/2/install/opencv_tests/lib/python3.6/site-packages:/home/mirella/openvslam/ros/2/install/image_geometry/lib/python3.6/site-packages:/opt/ros/eloquent/lib/python3.6/site-packages /usr/bin/cmake --build /home/mirella/openvslam/ros/2/build/openvslam -- -j12 -l12
