[35m[1mScanning dependencies of target image_publisher[0m
[ 40%] Built target video_publisher
[ 60%] [32mBuilding CXX object src/CMakeFiles/image_publisher.dir/image_publisher.cc.o[0m
[01m[K/home/mirella/openvslam/ros/2/src/publisher/src/image_publisher.cc:[m[K In function â€˜[01m[Kint main(int, char**)[m[Kâ€™:
[01m[K/home/mirella/openvslam/ros/2/src/publisher/src/image_publisher.cc:69:33:[m[K [01;31m[Kerror: [m[Kâ€˜[01m[Kframe[m[Kâ€™ was not declared in this scope
         std::string stg_left = ([01;31m[Kframe[m[K.img_path_ + s + extension).c_str();
                                 [01;31m[K^~~~~[m[K
[01m[K/home/mirella/openvslam/ros/2/src/publisher/src/image_publisher.cc:69:33:[m[K [01;36m[Knote: [m[Ksuggested alternative: â€˜[01m[Kframes[m[Kâ€™
         std::string stg_left = ([01;36m[Kframe[m[K.img_path_ + s + extension).c_str();
                                 [01;36m[K^~~~~[m[K
                                 [32m[Kframes[m[K
make[2]: *** [src/CMakeFiles/image_publisher.dir/image_publisher.cc.o] Error 1
src/CMakeFiles/image_publisher.dir/build.make:62: recipe for target 'src/CMakeFiles/image_publisher.dir/image_publisher.cc.o' failed
CMakeFiles/Makefile2:151: recipe for target 'src/CMakeFiles/image_publisher.dir/all' failed
Makefile:140: recipe for target 'all' failed
make[1]: *** [src/CMakeFiles/image_publisher.dir/all] Error 2
make: *** [all] Error 2
