[35m[1mScanning dependencies of target run_slam[0m
[ 50%] Built target run_localization
[ 75%] [32mBuilding CXX object src/CMakeFiles/run_slam.dir/run_slam.cc.o[0m
[01m[K/home/mirella/openvslam/ros/2/src/openvslam/src/run_slam.cc:[m[K In function â€˜[01m[Kvoid mono_tracking(const std::shared_ptr<openvslam::config>&, const string&, const string&, bool, const string&)[m[Kâ€™:
[01m[K/home/mirella/openvslam/ros/2/src/openvslam/src/run_slam.cc:253:67:[m[K [01;31m[Kerror: [m[Kconflicting declaration â€˜[01m[Ktf2_ros::StaticTransformBroadcaster tf_broadcaster[m[Kâ€™
     static tf2_ros::StaticTransformBroadcaster tf_broadcaster(node[01;31m[K)[m[K;
                                                                   [01;31m[K^[m[K
[01m[K/home/mirella/openvslam/ros/2/src/openvslam/src/run_slam.cc:251:58:[m[K [01;36m[Knote: [m[Kprevious declaration as â€˜[01m[Kstd::shared_ptr<tf2_ros::StaticTransformBroadcaster> tf_broadcaster[m[Kâ€™
     std::shared_ptr<tf2_ros::StaticTransformBroadcaster> [01;36m[Ktf_broadcaster[m[K;
                                                          [01;36m[K^~~~~~~~~~~~~~[m[K
src/CMakeFiles/run_slam.dir/build.make:62: recipe for target 'src/CMakeFiles/run_slam.dir/run_slam.cc.o' failed
make[2]: *** [src/CMakeFiles/run_slam.dir/run_slam.cc.o] Error 1
make[1]: *** [src/CMakeFiles/run_slam.dir/all] Error 2
CMakeFiles/Makefile2:151: recipe for target 'src/CMakeFiles/run_slam.dir/all' failed
make: *** [all] Error 2
Makefile:140: recipe for target 'all' failed
